{"/home/quinton/lighthouse/FINAL/FINAL/src/App.js": {"path":"/home/quinton/lighthouse/FINAL/FINAL/src/App.js","statementMap":{"0":{"start":{"line":15,"column":16},"end":{"line":23,"column":1}},"1":{"start":{"line":25,"column":14},"end":{"line":86,"column":1}},"2":{"start":{"line":88,"column":15},"end":{"line":92,"column":1}},"3":{"start":{"line":94,"column":15},"end":{"line":98,"column":1}},"4":{"start":{"line":101,"column":2},"end":{"line":105,"column":8}},"5":{"start":{"line":102,"column":4},"end":{"line":104,"column":5}},"6":{"start":{"line":103,"column":6},"end":{"line":103,"column":62}},"7":{"start":{"line":103,"column":49},"end":{"line":103,"column":61}},"8":{"start":{"line":107,"column":32},"end":{"line":107,"column":47}},"9":{"start":{"line":109,"column":20},"end":{"line":109,"column":32}},"10":{"start":{"line":110,"column":23},"end":{"line":114,"column":3}},"11":{"start":{"line":111,"column":4},"end":{"line":113,"column":24}},"12":{"start":{"line":116,"column":19},"end":{"line":130,"column":3}},"13":{"start":{"line":118,"column":4},"end":{"line":129,"column":5}},"14":{"start":{"line":119,"column":20},"end":{"line":119,"column":24}},"15":{"start":{"line":120,"column":15},"end":{"line":120,"column":24}},"16":{"start":{"line":121,"column":20},"end":{"line":124,"column":7}},"17":{"start":{"line":122,"column":8},"end":{"line":122,"column":22}},"18":{"start":{"line":123,"column":8},"end":{"line":123,"column":49}},"19":{"start":{"line":123,"column":24},"end":{"line":123,"column":49}},"20":{"start":{"line":125,"column":22},"end":{"line":125,"column":43}},"21":{"start":{"line":126,"column":6},"end":{"line":126,"column":27}},"22":{"start":{"line":127,"column":6},"end":{"line":127,"column":39}},"23":{"start":{"line":128,"column":6},"end":{"line":128,"column":44}},"24":{"start":{"line":128,"column":19},"end":{"line":128,"column":44}},"25":{"start":{"line":132,"column":2},"end":{"line":132,"column":59}},"26":{"start":{"line":133,"column":4},"end":{"line":176,"column":6}},"27":{"start":{"line":146,"column":12},"end":{"line":146,"column":70}}},"fnMap":{"0":{"name":"App","decl":{"start":{"line":100,"column":11},"end":{"line":100,"column":14}},"loc":{"start":{"line":100,"column":17},"end":{"line":177,"column":3}},"line":100},"1":{"name":"(anonymous_1)","decl":{"start":{"line":101,"column":12},"end":{"line":101,"column":13}},"loc":{"start":{"line":101,"column":18},"end":{"line":105,"column":3}},"line":101},"2":{"name":"(anonymous_2)","decl":{"start":{"line":102,"column":11},"end":{"line":102,"column":12}},"loc":{"start":{"line":102,"column":17},"end":{"line":104,"column":5}},"line":102},"3":{"name":"(anonymous_3)","decl":{"start":{"line":103,"column":43},"end":{"line":103,"column":44}},"loc":{"start":{"line":103,"column":49},"end":{"line":103,"column":61}},"line":103},"4":{"name":"(anonymous_4)","decl":{"start":{"line":110,"column":23},"end":{"line":110,"column":24}},"loc":{"start":{"line":110,"column":29},"end":{"line":114,"column":3}},"line":110},"5":{"name":"(anonymous_5)","decl":{"start":{"line":116,"column":19},"end":{"line":116,"column":20}},"loc":{"start":{"line":116,"column":58},"end":{"line":130,"column":3}},"line":116},"6":{"name":"(anonymous_6)","decl":{"start":{"line":118,"column":11},"end":{"line":118,"column":12}},"loc":{"start":{"line":118,"column":17},"end":{"line":129,"column":5}},"line":118},"7":{"name":"(anonymous_7)","decl":{"start":{"line":121,"column":20},"end":{"line":121,"column":21}},"loc":{"start":{"line":121,"column":26},"end":{"line":124,"column":7}},"line":121},"8":{"name":"(anonymous_8)","decl":{"start":{"line":145,"column":21},"end":{"line":145,"column":22}},"loc":{"start":{"line":146,"column":12},"end":{"line":146,"column":70}},"line":146}},"branchMap":{"0":{"loc":{"start":{"line":111,"column":4},"end":{"line":113,"column":24}},"type":"cond-expr","locations":[{"start":{"line":112,"column":8},"end":{"line":112,"column":23}},{"start":{"line":113,"column":8},"end":{"line":113,"column":24}}],"line":111},"1":{"loc":{"start":{"line":116,"column":26},"end":{"line":116,"column":35}},"type":"default-arg","locations":[{"start":{"line":116,"column":33},"end":{"line":116,"column":35}}],"line":116},"2":{"loc":{"start":{"line":116,"column":37},"end":{"line":116,"column":53}},"type":"default-arg","locations":[{"start":{"line":116,"column":49},"end":{"line":116,"column":53}}],"line":116},"3":{"loc":{"start":{"line":123,"column":8},"end":{"line":123,"column":49}},"type":"if","locations":[{"start":{"line":123,"column":8},"end":{"line":123,"column":49}},{"start":{"line":123,"column":8},"end":{"line":123,"column":49}}],"line":123},"4":{"loc":{"start":{"line":125,"column":22},"end":{"line":125,"column":43}},"type":"binary-expr","locations":[{"start":{"line":125,"column":22},"end":{"line":125,"column":31}},{"start":{"line":125,"column":35},"end":{"line":125,"column":43}}],"line":125},"5":{"loc":{"start":{"line":128,"column":6},"end":{"line":128,"column":44}},"type":"if","locations":[{"start":{"line":128,"column":6},"end":{"line":128,"column":44}},{"start":{"line":128,"column":6},"end":{"line":128,"column":44}}],"line":128}},"s":{"0":1,"1":1,"2":1,"3":1,"4":1,"5":1,"6":0,"7":0,"8":1,"9":1,"10":1,"11":0,"12":1,"13":1,"14":0,"15":0,"16":0,"17":0,"18":0,"19":0,"20":0,"21":0,"22":0,"23":0,"24":0,"25":1,"26":1,"27":10},"f":{"0":1,"1":1,"2":0,"3":0,"4":0,"5":1,"6":0,"7":0,"8":10},"b":{"0":[0,0],"1":[1],"2":[1],"3":[0,0],"4":[0,0],"5":[0,0]},"_coverageSchema":"43e27e138ebf9cfc5966b082cf9a028302ed4184","hash":"b01409a0b025895ab9178005b8e7cd6e2fadcc10"}
,"/home/quinton/lighthouse/FINAL/FINAL/src/AuthenticateError.js": {"path":"/home/quinton/lighthouse/FINAL/FINAL/src/AuthenticateError.js","statementMap":{"0":{"start":{"line":5,"column":14},"end":{"line":12,"column":1}},"1":{"start":{"line":7,"column":2},"end":{"line":11,"column":4}}},"fnMap":{"0":{"name":"(anonymous_0)","decl":{"start":{"line":5,"column":14},"end":{"line":5,"column":15}},"loc":{"start":{"line":5,"column":30},"end":{"line":12,"column":1}},"line":5}},"branchMap":{},"s":{"0":0,"1":0},"f":{"0":0},"b":{},"hash":"160646ae0237861815c6dc8e2922d53096165fa5"}
,"/home/quinton/lighthouse/FINAL/FINAL/src/index.js": {"path":"/home/quinton/lighthouse/FINAL/FINAL/src/index.js","statementMap":{"0":{"start":{"line":17,"column":14},"end":{"line":17,"column":39}},"1":{"start":{"line":19,"column":0},"end":{"line":21,"column":1}},"2":{"start":{"line":20,"column":2},"end":{"line":20,"column":62}},"3":{"start":{"line":27,"column":0},"end":{"line":27,"column":74}},"4":{"start":{"line":32,"column":0},"end":{"line":32,"column":27}}},"fnMap":{},"branchMap":{"0":{"loc":{"start":{"line":19,"column":0},"end":{"line":21,"column":1}},"type":"if","locations":[{"start":{"line":19,"column":0},"end":{"line":21,"column":1}},{"start":{"line":19,"column":0},"end":{"line":21,"column":1}}],"line":19}},"s":{"0":0,"1":0,"2":0,"3":0,"4":0},"f":{},"b":{"0":[0,0]},"hash":"f56a3a336b530978b291b03ecc62247f31550fa2"}
,"/home/quinton/lighthouse/FINAL/FINAL/src/login.js": {"path":"/home/quinton/lighthouse/FINAL/FINAL/src/login.js","statementMap":{"0":{"start":{"line":5,"column":14},"end":{"line":83,"column":1}},"1":{"start":{"line":6,"column":18},"end":{"line":10,"column":3}},"2":{"start":{"line":11,"column":28},"end":{"line":11,"column":47}},"3":{"start":{"line":12,"column":2},"end":{"line":14,"column":7}},"4":{"start":{"line":13,"column":4},"end":{"line":13,"column":41}},"5":{"start":{"line":17,"column":19},"end":{"line":21,"column":3}},"6":{"start":{"line":18,"column":4},"end":{"line":20,"column":35}},"7":{"start":{"line":19,"column":18},"end":{"line":19,"column":52}},"8":{"start":{"line":20,"column":18},"end":{"line":20,"column":34}},"9":{"start":{"line":23,"column":16},"end":{"line":40,"column":3}},"10":{"start":{"line":24,"column":4},"end":{"line":39,"column":35}},"11":{"start":{"line":29,"column":6},"end":{"line":37,"column":7}},"12":{"start":{"line":30,"column":8},"end":{"line":30,"column":40}},"13":{"start":{"line":31,"column":8},"end":{"line":31,"column":57}},"14":{"start":{"line":33,"column":11},"end":{"line":37,"column":7}},"15":{"start":{"line":34,"column":8},"end":{"line":34,"column":45}},"16":{"start":{"line":35,"column":8},"end":{"line":35,"column":61}},"17":{"start":{"line":36,"column":8},"end":{"line":36,"column":47}},"18":{"start":{"line":39,"column":18},"end":{"line":39,"column":34}},"19":{"start":{"line":41,"column":19},"end":{"line":58,"column":3}},"20":{"start":{"line":42,"column":4},"end":{"line":57,"column":35}},"21":{"start":{"line":47,"column":6},"end":{"line":55,"column":7}},"22":{"start":{"line":48,"column":8},"end":{"line":48,"column":40}},"23":{"start":{"line":49,"column":8},"end":{"line":49,"column":57}},"24":{"start":{"line":51,"column":11},"end":{"line":55,"column":7}},"25":{"start":{"line":52,"column":8},"end":{"line":52,"column":45}},"26":{"start":{"line":53,"column":8},"end":{"line":53,"column":61}},"27":{"start":{"line":54,"column":8},"end":{"line":54,"column":47}},"28":{"start":{"line":57,"column":18},"end":{"line":57,"column":34}},"29":{"start":{"line":60,"column":2},"end":{"line":82,"column":4}},"30":{"start":{"line":66,"column":27},"end":{"line":66,"column":74}},"31":{"start":{"line":73,"column":27},"end":{"line":73,"column":77}}},"fnMap":{"0":{"name":"(anonymous_0)","decl":{"start":{"line":5,"column":14},"end":{"line":5,"column":15}},"loc":{"start":{"line":5,"column":30},"end":{"line":83,"column":1}},"line":5},"1":{"name":"(anonymous_1)","decl":{"start":{"line":12,"column":12},"end":{"line":12,"column":13}},"loc":{"start":{"line":12,"column":18},"end":{"line":14,"column":3}},"line":12},"2":{"name":"(anonymous_2)","decl":{"start":{"line":17,"column":19},"end":{"line":17,"column":20}},"loc":{"start":{"line":17,"column":30},"end":{"line":21,"column":3}},"line":17},"3":{"name":"(anonymous_3)","decl":{"start":{"line":19,"column":10},"end":{"line":19,"column":11}},"loc":{"start":{"line":19,"column":18},"end":{"line":19,"column":52}},"line":19},"4":{"name":"(anonymous_4)","decl":{"start":{"line":20,"column":11},"end":{"line":20,"column":12}},"loc":{"start":{"line":20,"column":18},"end":{"line":20,"column":34}},"line":20},"5":{"name":"(anonymous_5)","decl":{"start":{"line":23,"column":16},"end":{"line":23,"column":17}},"loc":{"start":{"line":23,"column":28},"end":{"line":40,"column":3}},"line":23},"6":{"name":"(anonymous_6)","decl":{"start":{"line":28,"column":10},"end":{"line":28,"column":11}},"loc":{"start":{"line":28,"column":22},"end":{"line":38,"column":5}},"line":28},"7":{"name":"(anonymous_7)","decl":{"start":{"line":39,"column":11},"end":{"line":39,"column":12}},"loc":{"start":{"line":39,"column":18},"end":{"line":39,"column":34}},"line":39},"8":{"name":"(anonymous_8)","decl":{"start":{"line":41,"column":19},"end":{"line":41,"column":20}},"loc":{"start":{"line":41,"column":31},"end":{"line":58,"column":3}},"line":41},"9":{"name":"(anonymous_9)","decl":{"start":{"line":46,"column":10},"end":{"line":46,"column":11}},"loc":{"start":{"line":46,"column":22},"end":{"line":56,"column":5}},"line":46},"10":{"name":"(anonymous_10)","decl":{"start":{"line":57,"column":11},"end":{"line":57,"column":12}},"loc":{"start":{"line":57,"column":18},"end":{"line":57,"column":34}},"line":57},"11":{"name":"(anonymous_11)","decl":{"start":{"line":66,"column":16},"end":{"line":66,"column":17}},"loc":{"start":{"line":66,"column":27},"end":{"line":66,"column":74}},"line":66},"12":{"name":"(anonymous_12)","decl":{"start":{"line":73,"column":16},"end":{"line":73,"column":17}},"loc":{"start":{"line":73,"column":27},"end":{"line":73,"column":77}},"line":73}},"branchMap":{"0":{"loc":{"start":{"line":29,"column":6},"end":{"line":37,"column":7}},"type":"if","locations":[{"start":{"line":29,"column":6},"end":{"line":37,"column":7}},{"start":{"line":29,"column":6},"end":{"line":37,"column":7}}],"line":29},"1":{"loc":{"start":{"line":33,"column":11},"end":{"line":37,"column":7}},"type":"if","locations":[{"start":{"line":33,"column":11},"end":{"line":37,"column":7}},{"start":{"line":33,"column":11},"end":{"line":37,"column":7}}],"line":33},"2":{"loc":{"start":{"line":47,"column":6},"end":{"line":55,"column":7}},"type":"if","locations":[{"start":{"line":47,"column":6},"end":{"line":55,"column":7}},{"start":{"line":47,"column":6},"end":{"line":55,"column":7}}],"line":47},"3":{"loc":{"start":{"line":51,"column":11},"end":{"line":55,"column":7}},"type":"if","locations":[{"start":{"line":51,"column":11},"end":{"line":55,"column":7}},{"start":{"line":51,"column":11},"end":{"line":55,"column":7}}],"line":51},"4":{"loc":{"start":{"line":65,"column":13},"end":{"line":65,"column":30}},"type":"binary-expr","locations":[{"start":{"line":65,"column":13},"end":{"line":65,"column":24}},{"start":{"line":65,"column":28},"end":{"line":65,"column":30}}],"line":65},"5":{"loc":{"start":{"line":72,"column":13},"end":{"line":72,"column":33}},"type":"binary-expr","locations":[{"start":{"line":72,"column":13},"end":{"line":72,"column":27}},{"start":{"line":72,"column":31},"end":{"line":72,"column":33}}],"line":72},"6":{"loc":{"start":{"line":79,"column":7},"end":{"line":79,"column":79}},"type":"binary-expr","locations":[{"start":{"line":79,"column":7},"end":{"line":79,"column":33}},{"start":{"line":79,"column":38},"end":{"line":79,"column":78}}],"line":79},"7":{"loc":{"start":{"line":80,"column":7},"end":{"line":80,"column":75}},"type":"binary-expr","locations":[{"start":{"line":80,"column":7},"end":{"line":80,"column":31}},{"start":{"line":80,"column":36},"end":{"line":80,"column":74}}],"line":80}},"s":{"0":0,"1":0,"2":0,"3":0,"4":0,"5":0,"6":0,"7":0,"8":0,"9":0,"10":0,"11":0,"12":0,"13":0,"14":0,"15":0,"16":0,"17":0,"18":0,"19":0,"20":0,"21":0,"22":0,"23":0,"24":0,"25":0,"26":0,"27":0,"28":0,"29":0,"30":0,"31":0},"f":{"0":0,"1":0,"2":0,"3":0,"4":0,"5":0,"6":0,"7":0,"8":0,"9":0,"10":0,"11":0,"12":0},"b":{"0":[0,0],"1":[0,0],"2":[0,0],"3":[0,0],"4":[0,0],"5":[0,0],"6":[0,0],"7":[0,0]},"hash":"e060b7b7a00904f236d5fc5c0f0a49a5c00d9e2b"}
,"/home/quinton/lighthouse/FINAL/FINAL/src/serviceWorker.js": {"path":"/home/quinton/lighthouse/FINAL/FINAL/src/serviceWorker.js","statementMap":{"0":{"start":{"line":13,"column":20},"end":{"line":21,"column":1}},"1":{"start":{"line":24,"column":2},"end":{"line":54,"column":3}},"2":{"start":{"line":26,"column":22},"end":{"line":26,"column":75}},"3":{"start":{"line":27,"column":4},"end":{"line":32,"column":5}},"4":{"start":{"line":31,"column":6},"end":{"line":31,"column":13}},"5":{"start":{"line":34,"column":4},"end":{"line":53,"column":7}},"6":{"start":{"line":35,"column":20},"end":{"line":35,"column":65}},"7":{"start":{"line":37,"column":6},"end":{"line":52,"column":7}},"8":{"start":{"line":39,"column":8},"end":{"line":39,"column":47}},"9":{"start":{"line":43,"column":8},"end":{"line":48,"column":11}},"10":{"start":{"line":44,"column":10},"end":{"line":47,"column":12}},"11":{"start":{"line":51,"column":8},"end":{"line":51,"column":39}},"12":{"start":{"line":58,"column":2},"end":{"line":98,"column":7}},"13":{"start":{"line":61,"column":6},"end":{"line":94,"column":8}},"14":{"start":{"line":62,"column":33},"end":{"line":62,"column":56}},"15":{"start":{"line":63,"column":8},"end":{"line":65,"column":9}},"16":{"start":{"line":64,"column":10},"end":{"line":64,"column":17}},"17":{"start":{"line":66,"column":8},"end":{"line":93,"column":10}},"18":{"start":{"line":67,"column":10},"end":{"line":92,"column":11}},"19":{"start":{"line":68,"column":12},"end":{"line":91,"column":13}},"20":{"start":{"line":72,"column":14},"end":{"line":75,"column":16}},"21":{"start":{"line":78,"column":14},"end":{"line":80,"column":15}},"22":{"start":{"line":79,"column":16},"end":{"line":79,"column":46}},"23":{"start":{"line":85,"column":14},"end":{"line":85,"column":64}},"24":{"start":{"line":88,"column":14},"end":{"line":90,"column":15}},"25":{"start":{"line":89,"column":16},"end":{"line":89,"column":47}},"26":{"start":{"line":97,"column":6},"end":{"line":97,"column":72}},"27":{"start":{"line":103,"column":2},"end":{"line":128,"column":7}},"28":{"start":{"line":108,"column":26},"end":{"line":108,"column":62}},"29":{"start":{"line":109,"column":6},"end":{"line":122,"column":7}},"30":{"start":{"line":114,"column":8},"end":{"line":118,"column":11}},"31":{"start":{"line":115,"column":10},"end":{"line":117,"column":13}},"32":{"start":{"line":116,"column":12},"end":{"line":116,"column":37}},"33":{"start":{"line":121,"column":8},"end":{"line":121,"column":39}},"34":{"start":{"line":125,"column":6},"end":{"line":127,"column":8}},"35":{"start":{"line":132,"column":2},"end":{"line":140,"column":3}},"36":{"start":{"line":133,"column":4},"end":{"line":139,"column":9}},"37":{"start":{"line":135,"column":8},"end":{"line":135,"column":34}},"38":{"start":{"line":138,"column":8},"end":{"line":138,"column":37}}},"fnMap":{"0":{"name":"register","decl":{"start":{"line":23,"column":16},"end":{"line":23,"column":24}},"loc":{"start":{"line":23,"column":33},"end":{"line":55,"column":1}},"line":23},"1":{"name":"(anonymous_1)","decl":{"start":{"line":34,"column":36},"end":{"line":34,"column":37}},"loc":{"start":{"line":34,"column":42},"end":{"line":53,"column":5}},"line":34},"2":{"name":"(anonymous_2)","decl":{"start":{"line":43,"column":43},"end":{"line":43,"column":44}},"loc":{"start":{"line":43,"column":49},"end":{"line":48,"column":9}},"line":43},"3":{"name":"registerValidSW","decl":{"start":{"line":57,"column":9},"end":{"line":57,"column":24}},"loc":{"start":{"line":57,"column":40},"end":{"line":99,"column":1}},"line":57},"4":{"name":"(anonymous_4)","decl":{"start":{"line":60,"column":10},"end":{"line":60,"column":11}},"loc":{"start":{"line":60,"column":26},"end":{"line":95,"column":5}},"line":60},"5":{"name":"(anonymous_5)","decl":{"start":{"line":61,"column":35},"end":{"line":61,"column":36}},"loc":{"start":{"line":61,"column":41},"end":{"line":94,"column":7}},"line":61},"6":{"name":"(anonymous_6)","decl":{"start":{"line":66,"column":41},"end":{"line":66,"column":42}},"loc":{"start":{"line":66,"column":47},"end":{"line":93,"column":9}},"line":66},"7":{"name":"(anonymous_7)","decl":{"start":{"line":96,"column":11},"end":{"line":96,"column":12}},"loc":{"start":{"line":96,"column":20},"end":{"line":98,"column":5}},"line":96},"8":{"name":"checkValidServiceWorker","decl":{"start":{"line":101,"column":9},"end":{"line":101,"column":32}},"loc":{"start":{"line":101,"column":48},"end":{"line":129,"column":1}},"line":101},"9":{"name":"(anonymous_9)","decl":{"start":{"line":106,"column":10},"end":{"line":106,"column":11}},"loc":{"start":{"line":106,"column":22},"end":{"line":123,"column":5}},"line":106},"10":{"name":"(anonymous_10)","decl":{"start":{"line":114,"column":43},"end":{"line":114,"column":44}},"loc":{"start":{"line":114,"column":59},"end":{"line":118,"column":9}},"line":114},"11":{"name":"(anonymous_11)","decl":{"start":{"line":115,"column":41},"end":{"line":115,"column":42}},"loc":{"start":{"line":115,"column":47},"end":{"line":117,"column":11}},"line":115},"12":{"name":"(anonymous_12)","decl":{"start":{"line":124,"column":11},"end":{"line":124,"column":12}},"loc":{"start":{"line":124,"column":17},"end":{"line":128,"column":5}},"line":124},"13":{"name":"unregister","decl":{"start":{"line":131,"column":16},"end":{"line":131,"column":26}},"loc":{"start":{"line":131,"column":29},"end":{"line":141,"column":1}},"line":131},"14":{"name":"(anonymous_14)","decl":{"start":{"line":134,"column":12},"end":{"line":134,"column":13}},"loc":{"start":{"line":134,"column":28},"end":{"line":136,"column":7}},"line":134},"15":{"name":"(anonymous_15)","decl":{"start":{"line":137,"column":13},"end":{"line":137,"column":14}},"loc":{"start":{"line":137,"column":22},"end":{"line":139,"column":7}},"line":137}},"branchMap":{"0":{"loc":{"start":{"line":14,"column":2},"end":{"line":20,"column":5}},"type":"binary-expr","locations":[{"start":{"line":14,"column":2},"end":{"line":14,"column":42}},{"start":{"line":16,"column":4},"end":{"line":16,"column":40}},{"start":{"line":18,"column":4},"end":{"line":20,"column":5}}],"line":14},"1":{"loc":{"start":{"line":24,"column":2},"end":{"line":54,"column":3}},"type":"if","locations":[{"start":{"line":24,"column":2},"end":{"line":54,"column":3}},{"start":{"line":24,"column":2},"end":{"line":54,"column":3}}],"line":24},"2":{"loc":{"start":{"line":24,"column":6},"end":{"line":24,"column":75}},"type":"binary-expr","locations":[{"start":{"line":24,"column":6},"end":{"line":24,"column":43}},{"start":{"line":24,"column":47},"end":{"line":24,"column":75}}],"line":24},"3":{"loc":{"start":{"line":27,"column":4},"end":{"line":32,"column":5}},"type":"if","locations":[{"start":{"line":27,"column":4},"end":{"line":32,"column":5}},{"start":{"line":27,"column":4},"end":{"line":32,"column":5}}],"line":27},"4":{"loc":{"start":{"line":37,"column":6},"end":{"line":52,"column":7}},"type":"if","locations":[{"start":{"line":37,"column":6},"end":{"line":52,"column":7}},{"start":{"line":37,"column":6},"end":{"line":52,"column":7}}],"line":37},"5":{"loc":{"start":{"line":63,"column":8},"end":{"line":65,"column":9}},"type":"if","locations":[{"start":{"line":63,"column":8},"end":{"line":65,"column":9}},{"start":{"line":63,"column":8},"end":{"line":65,"column":9}}],"line":63},"6":{"loc":{"start":{"line":67,"column":10},"end":{"line":92,"column":11}},"type":"if","locations":[{"start":{"line":67,"column":10},"end":{"line":92,"column":11}},{"start":{"line":67,"column":10},"end":{"line":92,"column":11}}],"line":67},"7":{"loc":{"start":{"line":68,"column":12},"end":{"line":91,"column":13}},"type":"if","locations":[{"start":{"line":68,"column":12},"end":{"line":91,"column":13}},{"start":{"line":68,"column":12},"end":{"line":91,"column":13}}],"line":68},"8":{"loc":{"start":{"line":78,"column":14},"end":{"line":80,"column":15}},"type":"if","locations":[{"start":{"line":78,"column":14},"end":{"line":80,"column":15}},{"start":{"line":78,"column":14},"end":{"line":80,"column":15}}],"line":78},"9":{"loc":{"start":{"line":78,"column":18},"end":{"line":78,"column":43}},"type":"binary-expr","locations":[{"start":{"line":78,"column":18},"end":{"line":78,"column":24}},{"start":{"line":78,"column":28},"end":{"line":78,"column":43}}],"line":78},"10":{"loc":{"start":{"line":88,"column":14},"end":{"line":90,"column":15}},"type":"if","locations":[{"start":{"line":88,"column":14},"end":{"line":90,"column":15}},{"start":{"line":88,"column":14},"end":{"line":90,"column":15}}],"line":88},"11":{"loc":{"start":{"line":88,"column":18},"end":{"line":88,"column":44}},"type":"binary-expr","locations":[{"start":{"line":88,"column":18},"end":{"line":88,"column":24}},{"start":{"line":88,"column":28},"end":{"line":88,"column":44}}],"line":88},"12":{"loc":{"start":{"line":109,"column":6},"end":{"line":122,"column":7}},"type":"if","locations":[{"start":{"line":109,"column":6},"end":{"line":122,"column":7}},{"start":{"line":109,"column":6},"end":{"line":122,"column":7}}],"line":109},"13":{"loc":{"start":{"line":110,"column":8},"end":{"line":111,"column":73}},"type":"binary-expr","locations":[{"start":{"line":110,"column":8},"end":{"line":110,"column":31}},{"start":{"line":111,"column":9},"end":{"line":111,"column":28}},{"start":{"line":111,"column":32},"end":{"line":111,"column":72}}],"line":110},"14":{"loc":{"start":{"line":132,"column":2},"end":{"line":140,"column":3}},"type":"if","locations":[{"start":{"line":132,"column":2},"end":{"line":140,"column":3}},{"start":{"line":132,"column":2},"end":{"line":140,"column":3}}],"line":132}},"s":{"0":0,"1":0,"2":0,"3":0,"4":0,"5":0,"6":0,"7":0,"8":0,"9":0,"10":0,"11":0,"12":0,"13":0,"14":0,"15":0,"16":0,"17":0,"18":0,"19":0,"20":0,"21":0,"22":0,"23":0,"24":0,"25":0,"26":0,"27":0,"28":0,"29":0,"30":0,"31":0,"32":0,"33":0,"34":0,"35":0,"36":0,"37":0,"38":0},"f":{"0":0,"1":0,"2":0,"3":0,"4":0,"5":0,"6":0,"7":0,"8":0,"9":0,"10":0,"11":0,"12":0,"13":0,"14":0,"15":0},"b":{"0":[0,0,0],"1":[0,0],"2":[0,0],"3":[0,0],"4":[0,0],"5":[0,0],"6":[0,0],"7":[0,0],"8":[0,0],"9":[0,0],"10":[0,0],"11":[0,0],"12":[0,0],"13":[0,0,0],"14":[0,0]},"hash":"a0f704c5ccac8d9b39fa33a00b95b24eca3fb9d8"}
,"/home/quinton/lighthouse/FINAL/FINAL/src/userAuth.js": {"path":"/home/quinton/lighthouse/FINAL/FINAL/src/userAuth.js","statementMap":{"0":{"start":{"line":4,"column":23},"end":{"line":25,"column":1}},"1":{"start":{"line":5,"column":44},"end":{"line":5,"column":58}},"2":{"start":{"line":6,"column":26},"end":{"line":6,"column":40}},"3":{"start":{"line":8,"column":2},"end":{"line":14,"column":5}},"4":{"start":{"line":9,"column":4},"end":{"line":13,"column":7}},"5":{"start":{"line":10,"column":6},"end":{"line":12,"column":7}},"6":{"start":{"line":11,"column":8},"end":{"line":11,"column":42}},"7":{"start":{"line":16,"column":2},"end":{"line":22,"column":22}},"8":{"start":{"line":17,"column":4},"end":{"line":21,"column":5}},"9":{"start":{"line":18,"column":6},"end":{"line":18,"column":35}},"10":{"start":{"line":20,"column":6},"end":{"line":20,"column":20}},"11":{"start":{"line":24,"column":2},"end":{"line":24,"column":31}}},"fnMap":{"0":{"name":"(anonymous_0)","decl":{"start":{"line":4,"column":23},"end":{"line":4,"column":24}},"loc":{"start":{"line":4,"column":31},"end":{"line":25,"column":1}},"line":4},"1":{"name":"(anonymous_1)","decl":{"start":{"line":8,"column":12},"end":{"line":8,"column":13}},"loc":{"start":{"line":8,"column":18},"end":{"line":14,"column":3}},"line":8},"2":{"name":"(anonymous_2)","decl":{"start":{"line":9,"column":32},"end":{"line":9,"column":33}},"loc":{"start":{"line":9,"column":51},"end":{"line":13,"column":5}},"line":9},"3":{"name":"(anonymous_3)","decl":{"start":{"line":16,"column":12},"end":{"line":16,"column":13}},"loc":{"start":{"line":16,"column":18},"end":{"line":22,"column":3}},"line":16}},"branchMap":{"0":{"loc":{"start":{"line":10,"column":6},"end":{"line":12,"column":7}},"type":"if","locations":[{"start":{"line":10,"column":6},"end":{"line":12,"column":7}},{"start":{"line":10,"column":6},"end":{"line":12,"column":7}}],"line":10},"1":{"loc":{"start":{"line":17,"column":4},"end":{"line":21,"column":5}},"type":"if","locations":[{"start":{"line":17,"column":4},"end":{"line":21,"column":5}},{"start":{"line":17,"column":4},"end":{"line":21,"column":5}}],"line":17}},"s":{"0":0,"1":0,"2":0,"3":0,"4":0,"5":0,"6":0,"7":0,"8":0,"9":0,"10":0,"11":0},"f":{"0":0,"1":0,"2":0,"3":0},"b":{"0":[0,0],"1":[0,0]},"hash":"d710ad48e92c9b86c32f4e434e99322f4493f709"}
,"/home/quinton/lighthouse/FINAL/FINAL/src/Reducers/reduxReducer.js": {"path":"/home/quinton/lighthouse/FINAL/FINAL/src/Reducers/reduxReducer.js","statementMap":{"0":{"start":{"line":2,"column":16},"end":{"line":6,"column":1}},"1":{"start":{"line":8,"column":21},"end":{"line":10,"column":1}},"2":{"start":{"line":9,"column":2},"end":{"line":9,"column":15}}},"fnMap":{"0":{"name":"(anonymous_0)","decl":{"start":{"line":8,"column":21},"end":{"line":8,"column":22}},"loc":{"start":{"line":8,"column":50},"end":{"line":10,"column":1}},"line":8}},"branchMap":{"0":{"loc":{"start":{"line":8,"column":22},"end":{"line":8,"column":37}},"type":"default-arg","locations":[{"start":{"line":8,"column":30},"end":{"line":8,"column":37}}],"line":8}},"s":{"0":0,"1":0,"2":0},"f":{"0":0},"b":{"0":[0]},"hash":"f2fb6b7eed8d5daaa3aa002c43377bba60ebb5e9"}
,"/home/quinton/lighthouse/FINAL/FINAL/src/components/Banner/Banner.js": {"path":"/home/quinton/lighthouse/FINAL/FINAL/src/components/Banner/Banner.js","statementMap":{"0":{"start":{"line":16,"column":2},"end":{"line":35,"column":3}}},"fnMap":{"0":{"name":"Banner","decl":{"start":{"line":15,"column":9},"end":{"line":15,"column":15}},"loc":{"start":{"line":15,"column":39},"end":{"line":36,"column":1}},"line":15}},"branchMap":{},"s":{"0":1},"f":{"0":1},"b":{},"_coverageSchema":"43e27e138ebf9cfc5966b082cf9a028302ed4184","hash":"6fee49a6e7b4bfa380b2b5510e7c0d0f2f654a7a"}
,"/home/quinton/lighthouse/FINAL/FINAL/src/components/Comments/Comment.js": {"path":"/home/quinton/lighthouse/FINAL/FINAL/src/components/Comments/Comment.js","statementMap":{"0":{"start":{"line":8,"column":2},"end":{"line":16,"column":4}}},"fnMap":{"0":{"name":"Comment","decl":{"start":{"line":7,"column":9},"end":{"line":7,"column":16}},"loc":{"start":{"line":7,"column":24},"end":{"line":17,"column":1}},"line":7}},"branchMap":{},"s":{"0":0},"f":{"0":0},"b":{},"hash":"ef8158262d029608c2fec5c904f09774582d42b6"}
,"/home/quinton/lighthouse/FINAL/FINAL/src/components/Comments/CommentBoard.js": {"path":"/home/quinton/lighthouse/FINAL/FINAL/src/components/Comments/CommentBoard.js","statementMap":{"0":{"start":{"line":7,"column":14},"end":{"line":7,"column":30}},"1":{"start":{"line":11,"column":19},"end":{"line":15,"column":1}},"2":{"start":{"line":12,"column":2},"end":{"line":14,"column":38}},"3":{"start":{"line":13,"column":17},"end":{"line":13,"column":22}},"4":{"start":{"line":14,"column":18},"end":{"line":14,"column":36}},"5":{"start":{"line":17,"column":20},"end":{"line":25,"column":1}},"6":{"start":{"line":18,"column":2},"end":{"line":24,"column":33}},"7":{"start":{"line":23,"column":14},"end":{"line":23,"column":26}},"8":{"start":{"line":24,"column":16},"end":{"line":24,"column":32}},"9":{"start":{"line":29,"column":26},"end":{"line":29,"column":38}},"10":{"start":{"line":30,"column":28},"end":{"line":30,"column":52}},"11":{"start":{"line":32,"column":2},"end":{"line":37,"column":7}},"12":{"start":{"line":33,"column":4},"end":{"line":36,"column":6}},"13":{"start":{"line":35,"column":6},"end":{"line":35,"column":76}},"14":{"start":{"line":35,"column":25},"end":{"line":35,"column":74}},"15":{"start":{"line":42,"column":2},"end":{"line":57,"column":4}},"16":{"start":{"line":44,"column":51},"end":{"line":44,"column":124}},"17":{"start":{"line":50,"column":31},"end":{"line":50,"column":58}},"18":{"start":{"line":52,"column":49},"end":{"line":52,"column":67}}},"fnMap":{"0":{"name":"(anonymous_0)","decl":{"start":{"line":11,"column":19},"end":{"line":11,"column":20}},"loc":{"start":{"line":11,"column":30},"end":{"line":15,"column":1}},"line":11},"1":{"name":"(anonymous_1)","decl":{"start":{"line":13,"column":8},"end":{"line":13,"column":9}},"loc":{"start":{"line":13,"column":17},"end":{"line":13,"column":22}},"line":13},"2":{"name":"(anonymous_2)","decl":{"start":{"line":14,"column":9},"end":{"line":14,"column":10}},"loc":{"start":{"line":14,"column":18},"end":{"line":14,"column":36}},"line":14},"3":{"name":"(anonymous_3)","decl":{"start":{"line":17,"column":20},"end":{"line":17,"column":21}},"loc":{"start":{"line":17,"column":35},"end":{"line":25,"column":1}},"line":17},"4":{"name":"(anonymous_4)","decl":{"start":{"line":23,"column":8},"end":{"line":23,"column":9}},"loc":{"start":{"line":23,"column":14},"end":{"line":23,"column":26}},"line":23},"5":{"name":"(anonymous_5)","decl":{"start":{"line":24,"column":9},"end":{"line":24,"column":10}},"loc":{"start":{"line":24,"column":16},"end":{"line":24,"column":32}},"line":24},"6":{"name":"CommentBoard","decl":{"start":{"line":28,"column":9},"end":{"line":28,"column":21}},"loc":{"start":{"line":28,"column":29},"end":{"line":58,"column":1}},"line":28},"7":{"name":"(anonymous_7)","decl":{"start":{"line":32,"column":12},"end":{"line":32,"column":13}},"loc":{"start":{"line":32,"column":18},"end":{"line":37,"column":3}},"line":32},"8":{"name":"(anonymous_8)","decl":{"start":{"line":34,"column":10},"end":{"line":34,"column":11}},"loc":{"start":{"line":34,"column":19},"end":{"line":36,"column":5}},"line":34},"9":{"name":"(anonymous_9)","decl":{"start":{"line":35,"column":15},"end":{"line":35,"column":16}},"loc":{"start":{"line":35,"column":25},"end":{"line":35,"column":74}},"line":35},"10":{"name":"(anonymous_10)","decl":{"start":{"line":44,"column":43},"end":{"line":44,"column":44}},"loc":{"start":{"line":44,"column":51},"end":{"line":44,"column":124}},"line":44},"11":{"name":"(anonymous_11)","decl":{"start":{"line":50,"column":20},"end":{"line":50,"column":21}},"loc":{"start":{"line":50,"column":31},"end":{"line":50,"column":58}},"line":50},"12":{"name":"(anonymous_12)","decl":{"start":{"line":52,"column":42},"end":{"line":52,"column":43}},"loc":{"start":{"line":52,"column":48},"end":{"line":52,"column":68}},"line":52}},"branchMap":{"0":{"loc":{"start":{"line":35,"column":46},"end":{"line":35,"column":73}},"type":"cond-expr","locations":[{"start":{"line":35,"column":54},"end":{"line":35,"column":64}},{"start":{"line":35,"column":67},"end":{"line":35,"column":73}}],"line":35},"1":{"loc":{"start":{"line":44,"column":104},"end":{"line":44,"column":121}},"type":"binary-expr","locations":[{"start":{"line":44,"column":104},"end":{"line":44,"column":113}},{"start":{"line":44,"column":117},"end":{"line":44,"column":121}}],"line":44},"2":{"loc":{"start":{"line":48,"column":17},"end":{"line":48,"column":27}},"type":"binary-expr","locations":[{"start":{"line":48,"column":17},"end":{"line":48,"column":21}},{"start":{"line":48,"column":25},"end":{"line":48,"column":27}}],"line":48}},"s":{"0":0,"1":0,"2":0,"3":0,"4":0,"5":0,"6":0,"7":0,"8":0,"9":0,"10":0,"11":0,"12":0,"13":0,"14":0,"15":0,"16":0,"17":0,"18":0},"f":{"0":0,"1":0,"2":0,"3":0,"4":0,"5":0,"6":0,"7":0,"8":0,"9":0,"10":0,"11":0,"12":0},"b":{"0":[0,0],"1":[0,0],"2":[0,0]},"hash":"0c387e134279afc21ed56a3436fcc64735092f37"}
,"/home/quinton/lighthouse/FINAL/FINAL/src/components/Discover/Discover.js": {"path":"/home/quinton/lighthouse/FINAL/FINAL/src/components/Discover/Discover.js","statementMap":{"0":{"start":{"line":31,"column":18},"end":{"line":40,"column":3}},"1":{"start":{"line":41,"column":26},"end":{"line":41,"column":43}},"2":{"start":{"line":42,"column":20},"end":{"line":47,"column":3}},"3":{"start":{"line":43,"column":4},"end":{"line":43,"column":62}},"4":{"start":{"line":43,"column":23},"end":{"line":43,"column":62}},"5":{"start":{"line":43,"column":40},"end":{"line":43,"column":59}},"6":{"start":{"line":44,"column":4},"end":{"line":44,"column":62}},"7":{"start":{"line":44,"column":23},"end":{"line":44,"column":62}},"8":{"start":{"line":44,"column":40},"end":{"line":44,"column":59}},"9":{"start":{"line":45,"column":4},"end":{"line":45,"column":62}},"10":{"start":{"line":45,"column":23},"end":{"line":45,"column":62}},"11":{"start":{"line":45,"column":40},"end":{"line":45,"column":59}},"12":{"start":{"line":46,"column":4},"end":{"line":46,"column":62}},"13":{"start":{"line":46,"column":23},"end":{"line":46,"column":62}},"14":{"start":{"line":46,"column":40},"end":{"line":46,"column":59}},"15":{"start":{"line":48,"column":21},"end":{"line":53,"column":3}},"16":{"start":{"line":49,"column":4},"end":{"line":49,"column":84}},"17":{"start":{"line":49,"column":23},"end":{"line":49,"column":84}},"18":{"start":{"line":49,"column":40},"end":{"line":49,"column":81}},"19":{"start":{"line":50,"column":4},"end":{"line":50,"column":84}},"20":{"start":{"line":50,"column":23},"end":{"line":50,"column":84}},"21":{"start":{"line":50,"column":40},"end":{"line":50,"column":81}},"22":{"start":{"line":51,"column":4},"end":{"line":51,"column":84}},"23":{"start":{"line":51,"column":23},"end":{"line":51,"column":84}},"24":{"start":{"line":51,"column":40},"end":{"line":51,"column":81}},"25":{"start":{"line":52,"column":4},"end":{"line":52,"column":84}},"26":{"start":{"line":52,"column":23},"end":{"line":52,"column":84}},"27":{"start":{"line":52,"column":40},"end":{"line":52,"column":81}},"28":{"start":{"line":54,"column":19},"end":{"line":59,"column":3}},"29":{"start":{"line":55,"column":4},"end":{"line":55,"column":139}},"30":{"start":{"line":55,"column":24},"end":{"line":55,"column":139}},"31":{"start":{"line":55,"column":66},"end":{"line":55,"column":90}},"32":{"start":{"line":55,"column":112},"end":{"line":55,"column":136}},"33":{"start":{"line":56,"column":4},"end":{"line":56,"column":139}},"34":{"start":{"line":56,"column":24},"end":{"line":56,"column":139}},"35":{"start":{"line":56,"column":66},"end":{"line":56,"column":90}},"36":{"start":{"line":56,"column":112},"end":{"line":56,"column":136}},"37":{"start":{"line":57,"column":4},"end":{"line":57,"column":139}},"38":{"start":{"line":57,"column":24},"end":{"line":57,"column":139}},"39":{"start":{"line":57,"column":66},"end":{"line":57,"column":90}},"40":{"start":{"line":57,"column":112},"end":{"line":57,"column":136}},"41":{"start":{"line":58,"column":4},"end":{"line":58,"column":139}},"42":{"start":{"line":58,"column":24},"end":{"line":58,"column":139}},"43":{"start":{"line":58,"column":66},"end":{"line":58,"column":90}},"44":{"start":{"line":58,"column":112},"end":{"line":58,"column":136}},"45":{"start":{"line":61,"column":18},"end":{"line":69,"column":3}},"46":{"start":{"line":72,"column":2},"end":{"line":119,"column":4}},"47":{"start":{"line":79,"column":79},"end":{"line":79,"column":103}},"48":{"start":{"line":80,"column":77},"end":{"line":80,"column":101}},"49":{"start":{"line":81,"column":79},"end":{"line":81,"column":105}},"50":{"start":{"line":82,"column":77},"end":{"line":82,"column":101}},"51":{"start":{"line":85,"column":55},"end":{"line":85,"column":73}},"52":{"start":{"line":85,"column":87},"end":{"line":85,"column":104}},"53":{"start":{"line":89,"column":75},"end":{"line":89,"column":98}},"54":{"start":{"line":90,"column":77},"end":{"line":90,"column":101}},"55":{"start":{"line":91,"column":75},"end":{"line":91,"column":97}},"56":{"start":{"line":92,"column":73},"end":{"line":92,"column":95}},"57":{"start":{"line":95,"column":55},"end":{"line":95,"column":73}},"58":{"start":{"line":95,"column":87},"end":{"line":95,"column":104}},"59":{"start":{"line":99,"column":75},"end":{"line":99,"column":99}},"60":{"start":{"line":100,"column":77},"end":{"line":100,"column":103}},"61":{"start":{"line":101,"column":75},"end":{"line":101,"column":98}},"62":{"start":{"line":102,"column":75},"end":{"line":102,"column":98}},"63":{"start":{"line":105,"column":55},"end":{"line":105,"column":73}},"64":{"start":{"line":105,"column":87},"end":{"line":105,"column":104}},"65":{"start":{"line":109,"column":79},"end":{"line":109,"column":104}},"66":{"start":{"line":110,"column":75},"end":{"line":110,"column":98}},"67":{"start":{"line":111,"column":77},"end":{"line":111,"column":101}},"68":{"start":{"line":112,"column":77},"end":{"line":112,"column":101}},"69":{"start":{"line":115,"column":55},"end":{"line":115,"column":73}},"70":{"start":{"line":115,"column":87},"end":{"line":115,"column":104}}},"fnMap":{"0":{"name":"Discover","decl":{"start":{"line":30,"column":9},"end":{"line":30,"column":17}},"loc":{"start":{"line":30,"column":20},"end":{"line":120,"column":1}},"line":30},"1":{"name":"(anonymous_1)","decl":{"start":{"line":42,"column":20},"end":{"line":42,"column":21}},"loc":{"start":{"line":42,"column":38},"end":{"line":47,"column":3}},"line":42},"2":{"name":"(anonymous_2)","decl":{"start":{"line":43,"column":31},"end":{"line":43,"column":32}},"loc":{"start":{"line":43,"column":40},"end":{"line":43,"column":59}},"line":43},"3":{"name":"(anonymous_3)","decl":{"start":{"line":44,"column":31},"end":{"line":44,"column":32}},"loc":{"start":{"line":44,"column":40},"end":{"line":44,"column":59}},"line":44},"4":{"name":"(anonymous_4)","decl":{"start":{"line":45,"column":31},"end":{"line":45,"column":32}},"loc":{"start":{"line":45,"column":40},"end":{"line":45,"column":59}},"line":45},"5":{"name":"(anonymous_5)","decl":{"start":{"line":46,"column":31},"end":{"line":46,"column":32}},"loc":{"start":{"line":46,"column":40},"end":{"line":46,"column":59}},"line":46},"6":{"name":"(anonymous_6)","decl":{"start":{"line":48,"column":21},"end":{"line":48,"column":22}},"loc":{"start":{"line":48,"column":35},"end":{"line":53,"column":3}},"line":48},"7":{"name":"(anonymous_7)","decl":{"start":{"line":49,"column":31},"end":{"line":49,"column":32}},"loc":{"start":{"line":49,"column":40},"end":{"line":49,"column":81}},"line":49},"8":{"name":"(anonymous_8)","decl":{"start":{"line":50,"column":31},"end":{"line":50,"column":32}},"loc":{"start":{"line":50,"column":40},"end":{"line":50,"column":81}},"line":50},"9":{"name":"(anonymous_9)","decl":{"start":{"line":51,"column":31},"end":{"line":51,"column":32}},"loc":{"start":{"line":51,"column":40},"end":{"line":51,"column":81}},"line":51},"10":{"name":"(anonymous_10)","decl":{"start":{"line":52,"column":31},"end":{"line":52,"column":32}},"loc":{"start":{"line":52,"column":40},"end":{"line":52,"column":81}},"line":52},"11":{"name":"(anonymous_11)","decl":{"start":{"line":54,"column":19},"end":{"line":54,"column":20}},"loc":{"start":{"line":54,"column":33},"end":{"line":59,"column":3}},"line":54},"12":{"name":"(anonymous_12)","decl":{"start":{"line":55,"column":57},"end":{"line":55,"column":58}},"loc":{"start":{"line":55,"column":66},"end":{"line":55,"column":90}},"line":55},"13":{"name":"(anonymous_13)","decl":{"start":{"line":55,"column":103},"end":{"line":55,"column":104}},"loc":{"start":{"line":55,"column":112},"end":{"line":55,"column":136}},"line":55},"14":{"name":"(anonymous_14)","decl":{"start":{"line":56,"column":57},"end":{"line":56,"column":58}},"loc":{"start":{"line":56,"column":66},"end":{"line":56,"column":90}},"line":56},"15":{"name":"(anonymous_15)","decl":{"start":{"line":56,"column":103},"end":{"line":56,"column":104}},"loc":{"start":{"line":56,"column":112},"end":{"line":56,"column":136}},"line":56},"16":{"name":"(anonymous_16)","decl":{"start":{"line":57,"column":57},"end":{"line":57,"column":58}},"loc":{"start":{"line":57,"column":66},"end":{"line":57,"column":90}},"line":57},"17":{"name":"(anonymous_17)","decl":{"start":{"line":57,"column":103},"end":{"line":57,"column":104}},"loc":{"start":{"line":57,"column":112},"end":{"line":57,"column":136}},"line":57},"18":{"name":"(anonymous_18)","decl":{"start":{"line":58,"column":57},"end":{"line":58,"column":58}},"loc":{"start":{"line":58,"column":66},"end":{"line":58,"column":90}},"line":58},"19":{"name":"(anonymous_19)","decl":{"start":{"line":58,"column":103},"end":{"line":58,"column":104}},"loc":{"start":{"line":58,"column":112},"end":{"line":58,"column":136}},"line":58},"20":{"name":"(anonymous_20)","decl":{"start":{"line":79,"column":73},"end":{"line":79,"column":74}},"loc":{"start":{"line":79,"column":79},"end":{"line":79,"column":103}},"line":79},"21":{"name":"(anonymous_21)","decl":{"start":{"line":80,"column":71},"end":{"line":80,"column":72}},"loc":{"start":{"line":80,"column":77},"end":{"line":80,"column":101}},"line":80},"22":{"name":"(anonymous_22)","decl":{"start":{"line":81,"column":73},"end":{"line":81,"column":74}},"loc":{"start":{"line":81,"column":79},"end":{"line":81,"column":105}},"line":81},"23":{"name":"(anonymous_23)","decl":{"start":{"line":82,"column":71},"end":{"line":82,"column":72}},"loc":{"start":{"line":82,"column":77},"end":{"line":82,"column":101}},"line":82},"24":{"name":"(anonymous_24)","decl":{"start":{"line":85,"column":49},"end":{"line":85,"column":50}},"loc":{"start":{"line":85,"column":55},"end":{"line":85,"column":73}},"line":85},"25":{"name":"(anonymous_25)","decl":{"start":{"line":85,"column":81},"end":{"line":85,"column":82}},"loc":{"start":{"line":85,"column":87},"end":{"line":85,"column":104}},"line":85},"26":{"name":"(anonymous_26)","decl":{"start":{"line":89,"column":69},"end":{"line":89,"column":70}},"loc":{"start":{"line":89,"column":75},"end":{"line":89,"column":98}},"line":89},"27":{"name":"(anonymous_27)","decl":{"start":{"line":90,"column":71},"end":{"line":90,"column":72}},"loc":{"start":{"line":90,"column":77},"end":{"line":90,"column":101}},"line":90},"28":{"name":"(anonymous_28)","decl":{"start":{"line":91,"column":69},"end":{"line":91,"column":70}},"loc":{"start":{"line":91,"column":75},"end":{"line":91,"column":97}},"line":91},"29":{"name":"(anonymous_29)","decl":{"start":{"line":92,"column":67},"end":{"line":92,"column":68}},"loc":{"start":{"line":92,"column":73},"end":{"line":92,"column":95}},"line":92},"30":{"name":"(anonymous_30)","decl":{"start":{"line":95,"column":49},"end":{"line":95,"column":50}},"loc":{"start":{"line":95,"column":55},"end":{"line":95,"column":73}},"line":95},"31":{"name":"(anonymous_31)","decl":{"start":{"line":95,"column":81},"end":{"line":95,"column":82}},"loc":{"start":{"line":95,"column":87},"end":{"line":95,"column":104}},"line":95},"32":{"name":"(anonymous_32)","decl":{"start":{"line":99,"column":69},"end":{"line":99,"column":70}},"loc":{"start":{"line":99,"column":75},"end":{"line":99,"column":99}},"line":99},"33":{"name":"(anonymous_33)","decl":{"start":{"line":100,"column":71},"end":{"line":100,"column":72}},"loc":{"start":{"line":100,"column":77},"end":{"line":100,"column":103}},"line":100},"34":{"name":"(anonymous_34)","decl":{"start":{"line":101,"column":69},"end":{"line":101,"column":70}},"loc":{"start":{"line":101,"column":75},"end":{"line":101,"column":98}},"line":101},"35":{"name":"(anonymous_35)","decl":{"start":{"line":102,"column":69},"end":{"line":102,"column":70}},"loc":{"start":{"line":102,"column":75},"end":{"line":102,"column":98}},"line":102},"36":{"name":"(anonymous_36)","decl":{"start":{"line":105,"column":49},"end":{"line":105,"column":50}},"loc":{"start":{"line":105,"column":55},"end":{"line":105,"column":73}},"line":105},"37":{"name":"(anonymous_37)","decl":{"start":{"line":105,"column":81},"end":{"line":105,"column":82}},"loc":{"start":{"line":105,"column":87},"end":{"line":105,"column":104}},"line":105},"38":{"name":"(anonymous_38)","decl":{"start":{"line":109,"column":73},"end":{"line":109,"column":74}},"loc":{"start":{"line":109,"column":79},"end":{"line":109,"column":104}},"line":109},"39":{"name":"(anonymous_39)","decl":{"start":{"line":110,"column":69},"end":{"line":110,"column":70}},"loc":{"start":{"line":110,"column":75},"end":{"line":110,"column":98}},"line":110},"40":{"name":"(anonymous_40)","decl":{"start":{"line":111,"column":71},"end":{"line":111,"column":72}},"loc":{"start":{"line":111,"column":77},"end":{"line":111,"column":101}},"line":111},"41":{"name":"(anonymous_41)","decl":{"start":{"line":112,"column":71},"end":{"line":112,"column":72}},"loc":{"start":{"line":112,"column":77},"end":{"line":112,"column":101}},"line":112},"42":{"name":"(anonymous_42)","decl":{"start":{"line":115,"column":49},"end":{"line":115,"column":50}},"loc":{"start":{"line":115,"column":55},"end":{"line":115,"column":73}},"line":115},"43":{"name":"(anonymous_43)","decl":{"start":{"line":115,"column":81},"end":{"line":115,"column":82}},"loc":{"start":{"line":115,"column":87},"end":{"line":115,"column":104}},"line":115}},"branchMap":{"0":{"loc":{"start":{"line":43,"column":4},"end":{"line":43,"column":62}},"type":"if","locations":[{"start":{"line":43,"column":4},"end":{"line":43,"column":62}},{"start":{"line":43,"column":4},"end":{"line":43,"column":62}}],"line":43},"1":{"loc":{"start":{"line":44,"column":4},"end":{"line":44,"column":62}},"type":"if","locations":[{"start":{"line":44,"column":4},"end":{"line":44,"column":62}},{"start":{"line":44,"column":4},"end":{"line":44,"column":62}}],"line":44},"2":{"loc":{"start":{"line":45,"column":4},"end":{"line":45,"column":62}},"type":"if","locations":[{"start":{"line":45,"column":4},"end":{"line":45,"column":62}},{"start":{"line":45,"column":4},"end":{"line":45,"column":62}}],"line":45},"3":{"loc":{"start":{"line":46,"column":4},"end":{"line":46,"column":62}},"type":"if","locations":[{"start":{"line":46,"column":4},"end":{"line":46,"column":62}},{"start":{"line":46,"column":4},"end":{"line":46,"column":62}}],"line":46},"4":{"loc":{"start":{"line":49,"column":4},"end":{"line":49,"column":84}},"type":"if","locations":[{"start":{"line":49,"column":4},"end":{"line":49,"column":84}},{"start":{"line":49,"column":4},"end":{"line":49,"column":84}}],"line":49},"5":{"loc":{"start":{"line":50,"column":4},"end":{"line":50,"column":84}},"type":"if","locations":[{"start":{"line":50,"column":4},"end":{"line":50,"column":84}},{"start":{"line":50,"column":4},"end":{"line":50,"column":84}}],"line":50},"6":{"loc":{"start":{"line":51,"column":4},"end":{"line":51,"column":84}},"type":"if","locations":[{"start":{"line":51,"column":4},"end":{"line":51,"column":84}},{"start":{"line":51,"column":4},"end":{"line":51,"column":84}}],"line":51},"7":{"loc":{"start":{"line":52,"column":4},"end":{"line":52,"column":84}},"type":"if","locations":[{"start":{"line":52,"column":4},"end":{"line":52,"column":84}},{"start":{"line":52,"column":4},"end":{"line":52,"column":84}}],"line":52},"8":{"loc":{"start":{"line":55,"column":4},"end":{"line":55,"column":139}},"type":"if","locations":[{"start":{"line":55,"column":4},"end":{"line":55,"column":139}},{"start":{"line":55,"column":4},"end":{"line":55,"column":139}}],"line":55},"9":{"loc":{"start":{"line":55,"column":24},"end":{"line":55,"column":138}},"type":"cond-expr","locations":[{"start":{"line":55,"column":49},"end":{"line":55,"column":92}},{"start":{"line":55,"column":95},"end":{"line":55,"column":138}}],"line":55},"10":{"loc":{"start":{"line":56,"column":4},"end":{"line":56,"column":139}},"type":"if","locations":[{"start":{"line":56,"column":4},"end":{"line":56,"column":139}},{"start":{"line":56,"column":4},"end":{"line":56,"column":139}}],"line":56},"11":{"loc":{"start":{"line":56,"column":24},"end":{"line":56,"column":138}},"type":"cond-expr","locations":[{"start":{"line":56,"column":49},"end":{"line":56,"column":92}},{"start":{"line":56,"column":95},"end":{"line":56,"column":138}}],"line":56},"12":{"loc":{"start":{"line":57,"column":4},"end":{"line":57,"column":139}},"type":"if","locations":[{"start":{"line":57,"column":4},"end":{"line":57,"column":139}},{"start":{"line":57,"column":4},"end":{"line":57,"column":139}}],"line":57},"13":{"loc":{"start":{"line":57,"column":24},"end":{"line":57,"column":138}},"type":"cond-expr","locations":[{"start":{"line":57,"column":49},"end":{"line":57,"column":92}},{"start":{"line":57,"column":95},"end":{"line":57,"column":138}}],"line":57},"14":{"loc":{"start":{"line":58,"column":4},"end":{"line":58,"column":139}},"type":"if","locations":[{"start":{"line":58,"column":4},"end":{"line":58,"column":139}},{"start":{"line":58,"column":4},"end":{"line":58,"column":139}}],"line":58},"15":{"loc":{"start":{"line":58,"column":24},"end":{"line":58,"column":138}},"type":"cond-expr","locations":[{"start":{"line":58,"column":49},"end":{"line":58,"column":92}},{"start":{"line":58,"column":95},"end":{"line":58,"column":138}}],"line":58},"16":{"loc":{"start":{"line":84,"column":9},"end":{"line":85,"column":108}},"type":"binary-expr","locations":[{"start":{"line":84,"column":9},"end":{"line":84,"column":35}},{"start":{"line":85,"column":8},"end":{"line":85,"column":107}}],"line":84},"17":{"loc":{"start":{"line":86,"column":9},"end":{"line":86,"column":71}},"type":"binary-expr","locations":[{"start":{"line":86,"column":9},"end":{"line":86,"column":33}},{"start":{"line":86,"column":38},"end":{"line":86,"column":70}}],"line":86},"18":{"loc":{"start":{"line":94,"column":9},"end":{"line":95,"column":108}},"type":"binary-expr","locations":[{"start":{"line":94,"column":9},"end":{"line":94,"column":35}},{"start":{"line":95,"column":8},"end":{"line":95,"column":107}}],"line":94},"19":{"loc":{"start":{"line":96,"column":9},"end":{"line":96,"column":71}},"type":"binary-expr","locations":[{"start":{"line":96,"column":9},"end":{"line":96,"column":33}},{"start":{"line":96,"column":38},"end":{"line":96,"column":70}}],"line":96},"20":{"loc":{"start":{"line":104,"column":9},"end":{"line":105,"column":108}},"type":"binary-expr","locations":[{"start":{"line":104,"column":9},"end":{"line":104,"column":35}},{"start":{"line":105,"column":8},"end":{"line":105,"column":107}}],"line":104},"21":{"loc":{"start":{"line":106,"column":9},"end":{"line":106,"column":71}},"type":"binary-expr","locations":[{"start":{"line":106,"column":9},"end":{"line":106,"column":33}},{"start":{"line":106,"column":38},"end":{"line":106,"column":70}}],"line":106},"22":{"loc":{"start":{"line":114,"column":9},"end":{"line":115,"column":108}},"type":"binary-expr","locations":[{"start":{"line":114,"column":9},"end":{"line":114,"column":35}},{"start":{"line":115,"column":8},"end":{"line":115,"column":107}}],"line":114},"23":{"loc":{"start":{"line":116,"column":9},"end":{"line":116,"column":71}},"type":"binary-expr","locations":[{"start":{"line":116,"column":9},"end":{"line":116,"column":33}},{"start":{"line":116,"column":38},"end":{"line":116,"column":70}}],"line":116}},"s":{"0":0,"1":0,"2":0,"3":0,"4":0,"5":0,"6":0,"7":0,"8":0,"9":0,"10":0,"11":0,"12":0,"13":0,"14":0,"15":0,"16":0,"17":0,"18":0,"19":0,"20":0,"21":0,"22":0,"23":0,"24":0,"25":0,"26":0,"27":0,"28":0,"29":0,"30":0,"31":0,"32":0,"33":0,"34":0,"35":0,"36":0,"37":0,"38":0,"39":0,"40":0,"41":0,"42":0,"43":0,"44":0,"45":0,"46":0,"47":0,"48":0,"49":0,"50":0,"51":0,"52":0,"53":0,"54":0,"55":0,"56":0,"57":0,"58":0,"59":0,"60":0,"61":0,"62":0,"63":0,"64":0,"65":0,"66":0,"67":0,"68":0,"69":0,"70":0},"f":{"0":0,"1":0,"2":0,"3":0,"4":0,"5":0,"6":0,"7":0,"8":0,"9":0,"10":0,"11":0,"12":0,"13":0,"14":0,"15":0,"16":0,"17":0,"18":0,"19":0,"20":0,"21":0,"22":0,"23":0,"24":0,"25":0,"26":0,"27":0,"28":0,"29":0,"30":0,"31":0,"32":0,"33":0,"34":0,"35":0,"36":0,"37":0,"38":0,"39":0,"40":0,"41":0,"42":0,"43":0},"b":{"0":[0,0],"1":[0,0],"2":[0,0],"3":[0,0],"4":[0,0],"5":[0,0],"6":[0,0],"7":[0,0],"8":[0,0],"9":[0,0],"10":[0,0],"11":[0,0],"12":[0,0],"13":[0,0],"14":[0,0],"15":[0,0],"16":[0,0],"17":[0,0],"18":[0,0],"19":[0,0],"20":[0,0],"21":[0,0],"22":[0,0],"23":[0,0]},"hash":"a51ce94c108f1d01681ca2a957307e99658c48bc"}
,"/home/quinton/lighthouse/FINAL/FINAL/src/components/Discover/Show.js": {"path":"/home/quinton/lighthouse/FINAL/FINAL/src/components/Discover/Show.js","statementMap":{"0":{"start":{"line":8,"column":26},"end":{"line":8,"column":39}},"1":{"start":{"line":9,"column":19},"end":{"line":9,"column":29}},"2":{"start":{"line":10,"column":21},"end":{"line":13,"column":3}},"3":{"start":{"line":11,"column":4},"end":{"line":11,"column":34}},"4":{"start":{"line":11,"column":21},"end":{"line":11,"column":34}},"5":{"start":{"line":12,"column":4},"end":{"line":12,"column":34}},"6":{"start":{"line":12,"column":21},"end":{"line":12,"column":34}},"7":{"start":{"line":15,"column":2},"end":{"line":27,"column":4}},"8":{"start":{"line":22,"column":39},"end":{"line":22,"column":50}},"9":{"start":{"line":22,"column":52},"end":{"line":22,"column":65}}},"fnMap":{"0":{"name":"Show","decl":{"start":{"line":7,"column":9},"end":{"line":7,"column":13}},"loc":{"start":{"line":7,"column":21},"end":{"line":28,"column":1}},"line":7},"1":{"name":"(anonymous_1)","decl":{"start":{"line":10,"column":21},"end":{"line":10,"column":22}},"loc":{"start":{"line":10,"column":32},"end":{"line":13,"column":3}},"line":10},"2":{"name":"(anonymous_2)","decl":{"start":{"line":22,"column":32},"end":{"line":22,"column":33}},"loc":{"start":{"line":22,"column":37},"end":{"line":22,"column":66}},"line":22}},"branchMap":{"0":{"loc":{"start":{"line":11,"column":4},"end":{"line":11,"column":34}},"type":"if","locations":[{"start":{"line":11,"column":4},"end":{"line":11,"column":34}},{"start":{"line":11,"column":4},"end":{"line":11,"column":34}}],"line":11},"1":{"loc":{"start":{"line":12,"column":4},"end":{"line":12,"column":34}},"type":"if","locations":[{"start":{"line":12,"column":4},"end":{"line":12,"column":34}},{"start":{"line":12,"column":4},"end":{"line":12,"column":34}}],"line":12}},"s":{"0":0,"1":0,"2":0,"3":0,"4":0,"5":0,"6":0,"7":0,"8":0,"9":0},"f":{"0":0,"1":0,"2":0},"b":{"0":[0,0],"1":[0,0]},"hash":"c49e14dd00a9267123324272fdc2b6854b34f731"}
,"/home/quinton/lighthouse/FINAL/FINAL/src/components/Discover/constants.js": {"path":"/home/quinton/lighthouse/FINAL/FINAL/src/components/Discover/constants.js","statementMap":{"0":{"start":{"line":1,"column":10},"end":{"line":16,"column":1}},"1":{"start":{"line":18,"column":0},"end":{"line":18,"column":23}}},"fnMap":{},"branchMap":{},"s":{"0":0,"1":0},"f":{},"b":{},"hash":"e2a817bf9cbdac0bbe2487ff9971e4db0dd461ef"}
,"/home/quinton/lighthouse/FINAL/FINAL/src/components/Edit/AliasCard.js": {"path":"/home/quinton/lighthouse/FINAL/FINAL/src/components/Edit/AliasCard.js","statementMap":{"0":{"start":{"line":7,"column":18},"end":{"line":14,"column":3}},"1":{"start":{"line":15,"column":28},"end":{"line":15,"column":47}},"2":{"start":{"line":17,"column":2},"end":{"line":88,"column":4}},"3":{"start":{"line":27,"column":37},"end":{"line":27,"column":84}},"4":{"start":{"line":36,"column":37},"end":{"line":36,"column":86}},"5":{"start":{"line":48,"column":37},"end":{"line":48,"column":82}},"6":{"start":{"line":57,"column":37},"end":{"line":57,"column":81}},"7":{"start":{"line":69,"column":37},"end":{"line":69,"column":83}},"8":{"start":{"line":78,"column":37},"end":{"line":78,"column":82}}},"fnMap":{"0":{"name":"AliasCard","decl":{"start":{"line":6,"column":9},"end":{"line":6,"column":18}},"loc":{"start":{"line":6,"column":26},"end":{"line":89,"column":1}},"line":6},"1":{"name":"(anonymous_1)","decl":{"start":{"line":27,"column":26},"end":{"line":27,"column":27}},"loc":{"start":{"line":27,"column":37},"end":{"line":27,"column":84}},"line":27},"2":{"name":"(anonymous_2)","decl":{"start":{"line":36,"column":26},"end":{"line":36,"column":27}},"loc":{"start":{"line":36,"column":37},"end":{"line":36,"column":86}},"line":36},"3":{"name":"(anonymous_3)","decl":{"start":{"line":48,"column":26},"end":{"line":48,"column":27}},"loc":{"start":{"line":48,"column":37},"end":{"line":48,"column":82}},"line":48},"4":{"name":"(anonymous_4)","decl":{"start":{"line":57,"column":26},"end":{"line":57,"column":27}},"loc":{"start":{"line":57,"column":37},"end":{"line":57,"column":81}},"line":57},"5":{"name":"(anonymous_5)","decl":{"start":{"line":69,"column":26},"end":{"line":69,"column":27}},"loc":{"start":{"line":69,"column":37},"end":{"line":69,"column":83}},"line":69},"6":{"name":"(anonymous_6)","decl":{"start":{"line":78,"column":26},"end":{"line":78,"column":27}},"loc":{"start":{"line":78,"column":37},"end":{"line":78,"column":82}},"line":78}},"branchMap":{"0":{"loc":{"start":{"line":8,"column":13},"end":{"line":8,"column":45}},"type":"binary-expr","locations":[{"start":{"line":8,"column":13},"end":{"line":8,"column":26}},{"start":{"line":8,"column":30},"end":{"line":8,"column":45}}],"line":8},"1":{"loc":{"start":{"line":9,"column":15},"end":{"line":9,"column":51}},"type":"binary-expr","locations":[{"start":{"line":9,"column":15},"end":{"line":9,"column":30}},{"start":{"line":9,"column":34},"end":{"line":9,"column":51}}],"line":9},"2":{"loc":{"start":{"line":10,"column":11},"end":{"line":10,"column":39}},"type":"binary-expr","locations":[{"start":{"line":10,"column":11},"end":{"line":10,"column":22}},{"start":{"line":10,"column":26},"end":{"line":10,"column":39}}],"line":10},"3":{"loc":{"start":{"line":11,"column":10},"end":{"line":11,"column":36}},"type":"binary-expr","locations":[{"start":{"line":11,"column":10},"end":{"line":11,"column":20}},{"start":{"line":11,"column":24},"end":{"line":11,"column":36}}],"line":11},"4":{"loc":{"start":{"line":12,"column":12},"end":{"line":12,"column":42}},"type":"binary-expr","locations":[{"start":{"line":12,"column":12},"end":{"line":12,"column":24}},{"start":{"line":12,"column":28},"end":{"line":12,"column":42}}],"line":12},"5":{"loc":{"start":{"line":13,"column":11},"end":{"line":13,"column":39}},"type":"binary-expr","locations":[{"start":{"line":13,"column":11},"end":{"line":13,"column":22}},{"start":{"line":13,"column":26},"end":{"line":13,"column":39}}],"line":13},"6":{"loc":{"start":{"line":25,"column":23},"end":{"line":25,"column":48}},"type":"binary-expr","locations":[{"start":{"line":25,"column":23},"end":{"line":25,"column":42}},{"start":{"line":25,"column":46},"end":{"line":25,"column":48}}],"line":25},"7":{"loc":{"start":{"line":34,"column":23},"end":{"line":34,"column":50}},"type":"binary-expr","locations":[{"start":{"line":34,"column":23},"end":{"line":34,"column":44}},{"start":{"line":34,"column":48},"end":{"line":34,"column":50}}],"line":34},"8":{"loc":{"start":{"line":46,"column":23},"end":{"line":46,"column":46}},"type":"binary-expr","locations":[{"start":{"line":46,"column":23},"end":{"line":46,"column":40}},{"start":{"line":46,"column":44},"end":{"line":46,"column":46}}],"line":46},"9":{"loc":{"start":{"line":55,"column":23},"end":{"line":55,"column":45}},"type":"binary-expr","locations":[{"start":{"line":55,"column":23},"end":{"line":55,"column":39}},{"start":{"line":55,"column":43},"end":{"line":55,"column":45}}],"line":55},"10":{"loc":{"start":{"line":67,"column":23},"end":{"line":67,"column":47}},"type":"binary-expr","locations":[{"start":{"line":67,"column":23},"end":{"line":67,"column":41}},{"start":{"line":67,"column":45},"end":{"line":67,"column":47}}],"line":67},"11":{"loc":{"start":{"line":76,"column":23},"end":{"line":76,"column":46}},"type":"binary-expr","locations":[{"start":{"line":76,"column":23},"end":{"line":76,"column":40}},{"start":{"line":76,"column":44},"end":{"line":76,"column":46}}],"line":76}},"s":{"0":0,"1":0,"2":0,"3":0,"4":0,"5":0,"6":0,"7":0,"8":0},"f":{"0":0,"1":0,"2":0,"3":0,"4":0,"5":0,"6":0},"b":{"0":[0,0],"1":[0,0],"2":[0,0],"3":[0,0],"4":[0,0],"5":[0,0],"6":[0,0],"7":[0,0],"8":[0,0],"9":[0,0],"10":[0,0],"11":[0,0]},"hash":"0417c48f5e75284331f08cb7d87f3a1741b2bffd"}
,"/home/quinton/lighthouse/FINAL/FINAL/src/components/Edit/Avatar.js": {"path":"/home/quinton/lighthouse/FINAL/FINAL/src/components/Edit/Avatar.js","statementMap":{"0":{"start":{"line":6,"column":2},"end":{"line":29,"column":4}},"1":{"start":{"line":11,"column":71},"end":{"line":11,"column":111}},"2":{"start":{"line":12,"column":71},"end":{"line":12,"column":111}},"3":{"start":{"line":23,"column":35},"end":{"line":23,"column":82}}},"fnMap":{"0":{"name":"Avatar","decl":{"start":{"line":4,"column":9},"end":{"line":4,"column":15}},"loc":{"start":{"line":4,"column":23},"end":{"line":30,"column":1}},"line":4},"1":{"name":"(anonymous_1)","decl":{"start":{"line":11,"column":65},"end":{"line":11,"column":66}},"loc":{"start":{"line":11,"column":71},"end":{"line":11,"column":111}},"line":11},"2":{"name":"(anonymous_2)","decl":{"start":{"line":12,"column":65},"end":{"line":12,"column":66}},"loc":{"start":{"line":12,"column":71},"end":{"line":12,"column":111}},"line":12},"3":{"name":"(anonymous_3)","decl":{"start":{"line":23,"column":24},"end":{"line":23,"column":25}},"loc":{"start":{"line":23,"column":35},"end":{"line":23,"column":82}},"line":23}},"branchMap":{"0":{"loc":{"start":{"line":21,"column":21},"end":{"line":21,"column":45}},"type":"binary-expr","locations":[{"start":{"line":21,"column":21},"end":{"line":21,"column":39}},{"start":{"line":21,"column":43},"end":{"line":21,"column":45}}],"line":21}},"s":{"0":0,"1":0,"2":0,"3":0},"f":{"0":0,"1":0,"2":0,"3":0},"b":{"0":[0,0]},"hash":"7cd3b02d63211cfbee355b90c77f51bf015b1932"}
,"/home/quinton/lighthouse/FINAL/FINAL/src/components/Edit/Edit.js": {"path":"/home/quinton/lighthouse/FINAL/FINAL/src/components/Edit/Edit.js","statementMap":{"0":{"start":{"line":20,"column":18},"end":{"line":32,"column":3}},"1":{"start":{"line":33,"column":28},"end":{"line":33,"column":47}},"2":{"start":{"line":35,"column":24},"end":{"line":54,"column":3}},"3":{"start":{"line":36,"column":4},"end":{"line":53,"column":35}},"4":{"start":{"line":52,"column":16},"end":{"line":52,"column":50}},"5":{"start":{"line":53,"column":18},"end":{"line":53,"column":34}},"6":{"start":{"line":55,"column":22},"end":{"line":57,"column":3}},"7":{"start":{"line":56,"column":4},"end":{"line":56,"column":37}},"8":{"start":{"line":59,"column":2},"end":{"line":65,"column":8}},"9":{"start":{"line":60,"column":4},"end":{"line":60,"column":38}},"10":{"start":{"line":61,"column":4},"end":{"line":64,"column":105}},"11":{"start":{"line":64,"column":20},"end":{"line":64,"column":104}},"12":{"start":{"line":67,"column":2},"end":{"line":94,"column":4}},"13":{"start":{"line":97,"column":24},"end":{"line":99,"column":1}},"14":{"start":{"line":98,"column":2},"end":{"line":98,"column":15}}},"fnMap":{"0":{"name":"Edit","decl":{"start":{"line":19,"column":9},"end":{"line":19,"column":13}},"loc":{"start":{"line":19,"column":21},"end":{"line":95,"column":1}},"line":19},"1":{"name":"(anonymous_1)","decl":{"start":{"line":35,"column":24},"end":{"line":35,"column":25}},"loc":{"start":{"line":35,"column":39},"end":{"line":54,"column":3}},"line":35},"2":{"name":"(anonymous_2)","decl":{"start":{"line":52,"column":10},"end":{"line":52,"column":11}},"loc":{"start":{"line":52,"column":16},"end":{"line":52,"column":50}},"line":52},"3":{"name":"(anonymous_3)","decl":{"start":{"line":53,"column":11},"end":{"line":53,"column":12}},"loc":{"start":{"line":53,"column":18},"end":{"line":53,"column":34}},"line":53},"4":{"name":"(anonymous_4)","decl":{"start":{"line":55,"column":22},"end":{"line":55,"column":23}},"loc":{"start":{"line":55,"column":41},"end":{"line":57,"column":3}},"line":55},"5":{"name":"(anonymous_5)","decl":{"start":{"line":59,"column":12},"end":{"line":59,"column":13}},"loc":{"start":{"line":59,"column":18},"end":{"line":65,"column":3}},"line":59},"6":{"name":"(anonymous_6)","decl":{"start":{"line":64,"column":10},"end":{"line":64,"column":11}},"loc":{"start":{"line":64,"column":20},"end":{"line":64,"column":104}},"line":64},"7":{"name":"(anonymous_7)","decl":{"start":{"line":97,"column":24},"end":{"line":97,"column":25}},"loc":{"start":{"line":97,"column":40},"end":{"line":99,"column":1}},"line":97}},"branchMap":{"0":{"loc":{"start":{"line":22,"column":9},"end":{"line":22,"column":41}},"type":"binary-expr","locations":[{"start":{"line":22,"column":9},"end":{"line":22,"column":18}},{"start":{"line":22,"column":22},"end":{"line":22,"column":41}}],"line":22},"1":{"loc":{"start":{"line":23,"column":9},"end":{"line":23,"column":41}},"type":"binary-expr","locations":[{"start":{"line":23,"column":9},"end":{"line":23,"column":18}},{"start":{"line":23,"column":22},"end":{"line":23,"column":41}}],"line":23},"2":{"loc":{"start":{"line":24,"column":9},"end":{"line":24,"column":41}},"type":"binary-expr","locations":[{"start":{"line":24,"column":9},"end":{"line":24,"column":18}},{"start":{"line":24,"column":22},"end":{"line":24,"column":41}}],"line":24},"3":{"loc":{"start":{"line":25,"column":11},"end":{"line":25,"column":48}},"type":"binary-expr","locations":[{"start":{"line":25,"column":11},"end":{"line":25,"column":22}},{"start":{"line":25,"column":26},"end":{"line":25,"column":48}}],"line":25},"4":{"loc":{"start":{"line":26,"column":11},"end":{"line":26,"column":48}},"type":"binary-expr","locations":[{"start":{"line":26,"column":11},"end":{"line":26,"column":22}},{"start":{"line":26,"column":26},"end":{"line":26,"column":48}}],"line":26},"5":{"loc":{"start":{"line":27,"column":11},"end":{"line":27,"column":48}},"type":"binary-expr","locations":[{"start":{"line":27,"column":11},"end":{"line":27,"column":22}},{"start":{"line":27,"column":26},"end":{"line":27,"column":48}}],"line":27},"6":{"loc":{"start":{"line":29,"column":12},"end":{"line":29,"column":54}},"type":"binary-expr","locations":[{"start":{"line":29,"column":12},"end":{"line":29,"column":24}},{"start":{"line":29,"column":28},"end":{"line":29,"column":54}}],"line":29},"7":{"loc":{"start":{"line":30,"column":13},"end":{"line":30,"column":45}},"type":"binary-expr","locations":[{"start":{"line":30,"column":13},"end":{"line":30,"column":26}},{"start":{"line":30,"column":30},"end":{"line":30,"column":45}}],"line":30},"8":{"loc":{"start":{"line":31,"column":11},"end":{"line":31,"column":39}},"type":"binary-expr","locations":[{"start":{"line":31,"column":11},"end":{"line":31,"column":22}},{"start":{"line":31,"column":26},"end":{"line":31,"column":39}}],"line":31},"9":{"loc":{"start":{"line":38,"column":14},"end":{"line":38,"column":29}},"type":"binary-expr","locations":[{"start":{"line":38,"column":14},"end":{"line":38,"column":23}},{"start":{"line":38,"column":27},"end":{"line":38,"column":29}}],"line":38},"10":{"loc":{"start":{"line":39,"column":14},"end":{"line":39,"column":29}},"type":"binary-expr","locations":[{"start":{"line":39,"column":14},"end":{"line":39,"column":23}},{"start":{"line":39,"column":27},"end":{"line":39,"column":29}}],"line":39},"11":{"loc":{"start":{"line":40,"column":14},"end":{"line":40,"column":29}},"type":"binary-expr","locations":[{"start":{"line":40,"column":14},"end":{"line":40,"column":23}},{"start":{"line":40,"column":27},"end":{"line":40,"column":29}}],"line":40},"12":{"loc":{"start":{"line":41,"column":13},"end":{"line":41,"column":30}},"type":"binary-expr","locations":[{"start":{"line":41,"column":13},"end":{"line":41,"column":24}},{"start":{"line":41,"column":28},"end":{"line":41,"column":30}}],"line":41},"13":{"loc":{"start":{"line":42,"column":13},"end":{"line":42,"column":30}},"type":"binary-expr","locations":[{"start":{"line":42,"column":13},"end":{"line":42,"column":24}},{"start":{"line":42,"column":28},"end":{"line":42,"column":30}}],"line":42},"14":{"loc":{"start":{"line":43,"column":13},"end":{"line":43,"column":30}},"type":"binary-expr","locations":[{"start":{"line":43,"column":13},"end":{"line":43,"column":24}},{"start":{"line":43,"column":28},"end":{"line":43,"column":30}}],"line":43},"15":{"loc":{"start":{"line":44,"column":15},"end":{"line":44,"column":34}},"type":"binary-expr","locations":[{"start":{"line":44,"column":15},"end":{"line":44,"column":28}},{"start":{"line":44,"column":32},"end":{"line":44,"column":34}}],"line":44},"16":{"loc":{"start":{"line":45,"column":13},"end":{"line":45,"column":30}},"type":"binary-expr","locations":[{"start":{"line":45,"column":13},"end":{"line":45,"column":24}},{"start":{"line":45,"column":28},"end":{"line":45,"column":30}}],"line":45},"17":{"loc":{"start":{"line":46,"column":13},"end":{"line":46,"column":30}},"type":"binary-expr","locations":[{"start":{"line":46,"column":13},"end":{"line":46,"column":24}},{"start":{"line":46,"column":28},"end":{"line":46,"column":30}}],"line":46},"18":{"loc":{"start":{"line":47,"column":14},"end":{"line":47,"column":32}},"type":"binary-expr","locations":[{"start":{"line":47,"column":14},"end":{"line":47,"column":26}},{"start":{"line":47,"column":30},"end":{"line":47,"column":32}}],"line":47},"19":{"loc":{"start":{"line":48,"column":12},"end":{"line":48,"column":28}},"type":"binary-expr","locations":[{"start":{"line":48,"column":12},"end":{"line":48,"column":22}},{"start":{"line":48,"column":26},"end":{"line":48,"column":28}}],"line":48},"20":{"loc":{"start":{"line":49,"column":14},"end":{"line":49,"column":32}},"type":"binary-expr","locations":[{"start":{"line":49,"column":14},"end":{"line":49,"column":26}},{"start":{"line":49,"column":30},"end":{"line":49,"column":32}}],"line":49},"21":{"loc":{"start":{"line":69,"column":5},"end":{"line":92,"column":5}},"type":"binary-expr","locations":[{"start":{"line":69,"column":5},"end":{"line":69,"column":28}},{"start":{"line":70,"column":4},"end":{"line":91,"column":10}}],"line":69}},"s":{"0":0,"1":0,"2":0,"3":0,"4":0,"5":0,"6":0,"7":0,"8":0,"9":0,"10":0,"11":0,"12":0,"13":0,"14":0},"f":{"0":0,"1":0,"2":0,"3":0,"4":0,"5":0,"6":0,"7":0},"b":{"0":[0,0],"1":[0,0],"2":[0,0],"3":[0,0],"4":[0,0],"5":[0,0],"6":[0,0],"7":[0,0],"8":[0,0],"9":[0,0],"10":[0,0],"11":[0,0],"12":[0,0],"13":[0,0],"14":[0,0],"15":[0,0],"16":[0,0],"17":[0,0],"18":[0,0],"19":[0,0],"20":[0,0],"21":[0,0]},"hash":"b94d9528d84704453bb4912d7c651a4ef7ce0e2d"}
,"/home/quinton/lighthouse/FINAL/FINAL/src/components/Edit/Spotify.js": {"path":"/home/quinton/lighthouse/FINAL/FINAL/src/components/Edit/Spotify.js","statementMap":{"0":{"start":{"line":6,"column":2},"end":{"line":53,"column":4}},"1":{"start":{"line":19,"column":35},"end":{"line":19,"column":82}},"2":{"start":{"line":33,"column":35},"end":{"line":33,"column":82}},"3":{"start":{"line":47,"column":35},"end":{"line":47,"column":82}}},"fnMap":{"0":{"name":"Spotify","decl":{"start":{"line":4,"column":9},"end":{"line":4,"column":16}},"loc":{"start":{"line":4,"column":24},"end":{"line":54,"column":1}},"line":4},"1":{"name":"(anonymous_1)","decl":{"start":{"line":19,"column":24},"end":{"line":19,"column":25}},"loc":{"start":{"line":19,"column":35},"end":{"line":19,"column":82}},"line":19},"2":{"name":"(anonymous_2)","decl":{"start":{"line":33,"column":24},"end":{"line":33,"column":25}},"loc":{"start":{"line":33,"column":35},"end":{"line":33,"column":82}},"line":33},"3":{"name":"(anonymous_3)","decl":{"start":{"line":47,"column":24},"end":{"line":47,"column":25}},"loc":{"start":{"line":47,"column":35},"end":{"line":47,"column":82}},"line":47}},"branchMap":{"0":{"loc":{"start":{"line":18,"column":21},"end":{"line":18,"column":44}},"type":"binary-expr","locations":[{"start":{"line":18,"column":21},"end":{"line":18,"column":38}},{"start":{"line":18,"column":42},"end":{"line":18,"column":44}}],"line":18},"1":{"loc":{"start":{"line":32,"column":21},"end":{"line":32,"column":44}},"type":"binary-expr","locations":[{"start":{"line":32,"column":21},"end":{"line":32,"column":38}},{"start":{"line":32,"column":42},"end":{"line":32,"column":44}}],"line":32},"2":{"loc":{"start":{"line":46,"column":21},"end":{"line":46,"column":44}},"type":"binary-expr","locations":[{"start":{"line":46,"column":21},"end":{"line":46,"column":38}},{"start":{"line":46,"column":42},"end":{"line":46,"column":44}}],"line":46}},"s":{"0":0,"1":0,"2":0,"3":0},"f":{"0":0,"1":0,"2":0,"3":0},"b":{"0":[0,0],"1":[0,0],"2":[0,0]},"hash":"ff0b9a1b6783bcc449bb7684e0a8781cca16f6bd"}
,"/home/quinton/lighthouse/FINAL/FINAL/src/components/Edit/Youtube.js": {"path":"/home/quinton/lighthouse/FINAL/FINAL/src/components/Edit/Youtube.js","statementMap":{"0":{"start":{"line":5,"column":16},"end":{"line":7,"column":1}},"1":{"start":{"line":6,"column":2},"end":{"line":6,"column":28}},"2":{"start":{"line":11,"column":2},"end":{"line":43,"column":4}},"3":{"start":{"line":19,"column":35},"end":{"line":19,"column":76}},"4":{"start":{"line":28,"column":35},"end":{"line":28,"column":76}},"5":{"start":{"line":37,"column":35},"end":{"line":37,"column":76}}},"fnMap":{"0":{"name":"(anonymous_0)","decl":{"start":{"line":5,"column":16},"end":{"line":5,"column":17}},"loc":{"start":{"line":5,"column":32},"end":{"line":7,"column":1}},"line":5},"1":{"name":"Youtube","decl":{"start":{"line":9,"column":9},"end":{"line":9,"column":16}},"loc":{"start":{"line":9,"column":24},"end":{"line":44,"column":1}},"line":9},"2":{"name":"(anonymous_2)","decl":{"start":{"line":19,"column":24},"end":{"line":19,"column":25}},"loc":{"start":{"line":19,"column":35},"end":{"line":19,"column":76}},"line":19},"3":{"name":"(anonymous_3)","decl":{"start":{"line":28,"column":24},"end":{"line":28,"column":25}},"loc":{"start":{"line":28,"column":35},"end":{"line":28,"column":76}},"line":28},"4":{"name":"(anonymous_4)","decl":{"start":{"line":37,"column":24},"end":{"line":37,"column":25}},"loc":{"start":{"line":37,"column":35},"end":{"line":37,"column":76}},"line":37}},"branchMap":{"0":{"loc":{"start":{"line":18,"column":21},"end":{"line":18,"column":42}},"type":"binary-expr","locations":[{"start":{"line":18,"column":21},"end":{"line":18,"column":36}},{"start":{"line":18,"column":40},"end":{"line":18,"column":42}}],"line":18},"1":{"loc":{"start":{"line":27,"column":21},"end":{"line":27,"column":42}},"type":"binary-expr","locations":[{"start":{"line":27,"column":21},"end":{"line":27,"column":36}},{"start":{"line":27,"column":40},"end":{"line":27,"column":42}}],"line":27},"2":{"loc":{"start":{"line":36,"column":21},"end":{"line":36,"column":42}},"type":"binary-expr","locations":[{"start":{"line":36,"column":21},"end":{"line":36,"column":36}},{"start":{"line":36,"column":40},"end":{"line":36,"column":42}}],"line":36}},"s":{"0":0,"1":0,"2":0,"3":0,"4":0,"5":0},"f":{"0":0,"1":0,"2":0,"3":0,"4":0},"b":{"0":[0,0],"1":[0,0],"2":[0,0]},"hash":"e1a4d9a4631feb6bd40375166b987373acb69b3c"}
,"/home/quinton/lighthouse/FINAL/FINAL/src/components/Edit/editConfig.js": {"path":"/home/quinton/lighthouse/FINAL/FINAL/src/components/Edit/editConfig.js","statementMap":{"0":{"start":{"line":1,"column":10},"end":{"line":13,"column":1}},"1":{"start":{"line":15,"column":0},"end":{"line":15,"column":23}}},"fnMap":{},"branchMap":{},"s":{"0":0,"1":0},"f":{},"b":{},"hash":"436c6dff9472b3b72576ec975dec03311ebe71f1"}
,"/home/quinton/lighthouse/FINAL/FINAL/src/components/Friends/Friends.js": {"path":"/home/quinton/lighthouse/FINAL/FINAL/src/components/Friends/Friends.js","statementMap":{"0":{"start":{"line":22,"column":20},"end":{"line":49,"column":10}},"1":{"start":{"line":22,"column":41},"end":{"line":49,"column":1}},"2":{"start":{"line":51,"column":16},"end":{"line":59,"column":1}},"3":{"start":{"line":61,"column":15},"end":{"line":73,"column":1}},"4":{"start":{"line":75,"column":16},"end":{"line":97,"column":1}},"5":{"start":{"line":103,"column":4},"end":{"line":103,"column":12}},"6":{"start":{"line":104,"column":4},"end":{"line":106,"column":6}},"7":{"start":{"line":110,"column":4},"end":{"line":110,"column":47}},"8":{"start":{"line":114,"column":32},"end":{"line":118,"column":5}},"9":{"start":{"line":116,"column":8},"end":{"line":116,"column":89}},"10":{"start":{"line":119,"column":33},"end":{"line":123,"column":5}},"11":{"start":{"line":121,"column":8},"end":{"line":121,"column":89}},"12":{"start":{"line":125,"column":2},"end":{"line":219,"column":3}},"13":{"start":{"line":160,"column":14},"end":{"line":181,"column":21}},"14":{"start":{"line":191,"column":14},"end":{"line":213,"column":21}}},"fnMap":{"0":{"name":"(anonymous_0)","decl":{"start":{"line":22,"column":31},"end":{"line":22,"column":32}},"loc":{"start":{"line":22,"column":41},"end":{"line":49,"column":1}},"line":22},"1":{"name":"(anonymous_1)","decl":{"start":{"line":102,"column":2},"end":{"line":102,"column":3}},"loc":{"start":{"line":102,"column":16},"end":{"line":107,"column":3}},"line":102},"2":{"name":"(anonymous_2)","decl":{"start":{"line":109,"column":2},"end":{"line":109,"column":3}},"loc":{"start":{"line":109,"column":22},"end":{"line":111,"column":3}},"line":109},"3":{"name":"(anonymous_3)","decl":{"start":{"line":113,"column":2},"end":{"line":113,"column":3}},"loc":{"start":{"line":113,"column":11},"end":{"line":220,"column":3}},"line":113},"4":{"name":"(anonymous_4)","decl":{"start":{"line":115,"column":6},"end":{"line":115,"column":7}},"loc":{"start":{"line":115,"column":18},"end":{"line":117,"column":7}},"line":115},"5":{"name":"(anonymous_5)","decl":{"start":{"line":120,"column":6},"end":{"line":120,"column":7}},"loc":{"start":{"line":120,"column":18},"end":{"line":122,"column":7}},"line":120},"6":{"name":"(anonymous_6)","decl":{"start":{"line":159,"column":39},"end":{"line":159,"column":40}},"loc":{"start":{"line":160,"column":14},"end":{"line":181,"column":21}},"line":160},"7":{"name":"(anonymous_7)","decl":{"start":{"line":190,"column":40},"end":{"line":190,"column":41}},"loc":{"start":{"line":191,"column":14},"end":{"line":213,"column":21}},"line":191}},"branchMap":{},"s":{"0":0,"1":0,"2":0,"3":0,"4":0,"5":0,"6":0,"7":0,"8":0,"9":0,"10":0,"11":0,"12":0,"13":0,"14":0},"f":{"0":0,"1":0,"2":0,"3":0,"4":0,"5":0,"6":0,"7":0},"b":{},"hash":"37c1c38df1d818cf70fe64521e01929711186fe9"}
,"/home/quinton/lighthouse/FINAL/FINAL/src/components/GameCards/GameCard.js": {"path":"/home/quinton/lighthouse/FINAL/FINAL/src/components/GameCards/GameCard.js","statementMap":{"0":{"start":{"line":5,"column":20},"end":{"line":5,"column":70}},"1":{"start":{"line":6,"column":2},"end":{"line":10,"column":4}}},"fnMap":{"0":{"name":"GameCard","decl":{"start":{"line":4,"column":9},"end":{"line":4,"column":17}},"loc":{"start":{"line":4,"column":25},"end":{"line":11,"column":1}},"line":4}},"branchMap":{"0":{"loc":{"start":{"line":5,"column":20},"end":{"line":5,"column":70}},"type":"cond-expr","locations":[{"start":{"line":5,"column":33},"end":{"line":5,"column":45}},{"start":{"line":5,"column":48},"end":{"line":5,"column":70}}],"line":5}},"s":{"0":0,"1":0},"f":{"0":0},"b":{"0":[0,0]},"hash":"7ac2c449604e8e971869a88e4469e4a1f44c636a"}
[...]
,"/home/quinton/lighthouse/FINAL/FINAL/src/landingpage/src/components/Header.js": {"path":"/home/quinton/lighthouse/FINAL/FINAL/src/landingpage/src/components/Header.js","statementMap":{"0":{"start":{"line":12,"column":4},"end":{"line":21,"column":6}}},"fnMap":{"0":{"name":"(anonymous_0)","decl":{"start":{"line":11,"column":2},"end":{"line":11,"column":3}},"loc":{"start":{"line":11,"column":11},"end":{"line":22,"column":3}},"line":11}},"branchMap":{},"s":{"0":0},"f":{"0":0},"b":{},"hash":"f1e92fe24c5dc901235f384048bdbc9b21478373"}
,"/home/quinton/lighthouse/FINAL/FINAL/src/landingpage/src/components/TabComponent.js": {"path":"/home/quinton/lighthouse/FINAL/FINAL/src/landingpage/src/components/TabComponent.js","statementMap":{"0":{"start":{"line":8,"column":4},"end":{"line":12,"column":6}}},"fnMap":{"0":{"name":"(anonymous_0)","decl":{"start":{"line":7,"column":2},"end":{"line":7,"column":3}},"loc":{"start":{"line":7,"column":11},"end":{"line":13,"column":3}},"line":7}},"branchMap":{},"s":{"0":0},"f":{"0":0},"b":{},"hash":"d628d4d0dfefe6c4570ec1ab494402fec681de2f"}
,"/home/quinton/lighthouse/FINAL/FINAL/src/landingpage/src/components/TabContentOne.js": {"path":"/home/quinton/lighthouse/FINAL/FINAL/src/landingpage/src/components/TabContentOne.js","statementMap":{"0":{"start":{"line":22,"column":0},"end":{"line":25,"column":2}},"1":{"start":{"line":28,"column":2},"end":{"line":67,"column":4}},"2":{"start":{"line":73,"column":20},"end":{"line":76,"column":2}},"3":{"start":{"line":79,"column":28},"end":{"line":108,"column":1}}},"fnMap":{"0":{"name":"TabContentOne","decl":{"start":{"line":27,"column":9},"end":{"line":27,"column":22}},"loc":{"start":{"line":27,"column":25},"end":{"line":68,"column":1}},"line":27}},"branchMap":{},"s":{"0":0,"1":0,"2":0,"3":0},"f":{"0":0},"b":{},"hash":"5e77c14dc43bab628e33cdffb66675b07bcb1260"}
,"/home/quinton/lighthouse/FINAL/FINAL/src/landingpage/src/components/TabContentTwo.js": {"path":"/home/quinton/lighthouse/FINAL/FINAL/src/landingpage/src/components/TabContentTwo.js","statementMap":{"0":{"start":{"line":13,"column":2},"end":{"line":48,"column":4}},"1":{"start":{"line":54,"column":20},"end":{"line":57,"column":2}},"2":{"start":{"line":60,"column":21},"end":{"line":116,"column":1}}},"fnMap":{"0":{"name":"TabContentTwo","decl":{"start":{"line":12,"column":9},"end":{"line":12,"column":22}},"loc":{"start":{"line":12,"column":25},"end":{"line":49,"column":1}},"line":12}},"branchMap":{},"s":{"0":0,"1":0,"2":0},"f":{"0":0},"b":{},"hash":"424a63eda93c6439d54c937439917d3904ebce39"}
,"/home/quinton/lighthouse/FINAL/FINAL/src/landingpage/src/components/login/LoginFooter.js": {"path":"/home/quinton/lighthouse/FINAL/FINAL/src/landingpage/src/components/login/LoginFooter.js","statementMap":{"0":{"start":{"line":12,"column":10},"end":{"line":14,"column":3}},"1":{"start":{"line":16,"column":17},"end":{"line":21,"column":3}},"2":{"start":{"line":17,"column":4},"end":{"line":17,"column":23}},"3":{"start":{"line":18,"column":4},"end":{"line":20,"column":7}},"4":{"start":{"line":23,"column":4},"end":{"line":44,"column":6}},"5":{"start":{"line":51,"column":20},"end":{"line":53,"column":2}},"6":{"start":{"line":56,"column":24},"end":{"line":139,"column":1}}},"fnMap":{"0":{"name":"(anonymous_0)","decl":{"start":{"line":16,"column":17},"end":{"line":16,"column":18}},"loc":{"start":{"line":16,"column":22},"end":{"line":21,"column":3}},"line":16},"1":{"name":"(anonymous_1)","decl":{"start":{"line":22,"column":2},"end":{"line":22,"column":3}},"loc":{"start":{"line":22,"column":11},"end":{"line":45,"column":3}},"line":22}},"branchMap":{"0":{"loc":{"start":{"line":33,"column":9},"end":{"line":42,"column":9}},"type":"binary-expr","locations":[{"start":{"line":33,"column":9},"end":{"line":33,"column":31}},{"start":{"line":34,"column":10},"end":{"line":41,"column":16}}],"line":33}},"s":{"0":0,"1":0,"2":0,"3":0,"4":0,"5":0,"6":0},"f":{"0":0,"1":0},"b":{"0":[0,0]},"hash":"223b63f605aefad17a69eaa2ebea76812c52c1f8"}
,"/home/quinton/lighthouse/FINAL/FINAL/src/landingpage/src/components/login/LoginForm.js": {"path":"/home/quinton/lighthouse/FINAL/FINAL/src/landingpage/src/components/login/LoginForm.js","statementMap":{"0":{"start":{"line":9,"column":15},"end":{"line":11,"column":1}},"1":{"start":{"line":13,"column":18},"end":{"line":19,"column":1}},"2":{"start":{"line":22,"column":10},"end":{"line":22,"column":19}},"3":{"start":{"line":24,"column":22},"end":{"line":28,"column":3}},"4":{"start":{"line":25,"column":4},"end":{"line":27,"column":7}},"5":{"start":{"line":30,"column":25},"end":{"line":34,"column":3}},"6":{"start":{"line":31,"column":4},"end":{"line":33,"column":7}},"7":{"start":{"line":37,"column":13},"end":{"line":65,"column":3}},"8":{"start":{"line":38,"column":21},"end":{"line":38,"column":26}},"9":{"start":{"line":39,"column":19},"end":{"line":42,"column":5}},"10":{"start":{"line":44,"column":4},"end":{"line":52,"column":5}},"11":{"start":{"line":45,"column":6},"end":{"line":45,"column":24}},"12":{"start":{"line":46,"column":6},"end":{"line":46,"column":56}},"13":{"start":{"line":47,"column":11},"end":{"line":52,"column":5}},"14":{"start":{"line":48,"column":6},"end":{"line":48,"column":24}},"15":{"start":{"line":49,"column":6},"end":{"line":51,"column":8}},"16":{"start":{"line":54,"column":4},"end":{"line":58,"column":5}},"17":{"start":{"line":55,"column":6},"end":{"line":55,"column":24}},"18":{"start":{"line":56,"column":6},"end":{"line":57,"column":66}},"19":{"start":{"line":60,"column":4},"end":{"line":62,"column":7}},"20":{"start":{"line":64,"column":4},"end":{"line":64,"column":22}},"21":{"start":{"line":67,"column":13},"end":{"line":73,"column":3}},"22":{"start":{"line":68,"column":4},"end":{"line":68,"column":23}},"23":{"start":{"line":69,"column":16},"end":{"line":69,"column":31}},"24":{"start":{"line":70,"column":4},"end":{"line":72,"column":5}},"25":{"start":{"line":71,"column":6},"end":{"line":71,"column":31}},"26":{"start":{"line":76,"column":20},"end":{"line":80,"column":3}},"27":{"start":{"line":77,"column":4},"end":{"line":79,"column":7}},"28":{"start":{"line":83,"column":4},"end":{"line":159,"column":6}},"29":{"start":{"line":179,"column":20},"end":{"line":181,"column":2}},"30":{"start":{"line":184,"column":22},"end":{"line":315,"column":1}},"31":{"start":{"line":318,"column":12},"end":{"line":335,"column":1}}},"fnMap":{"0":{"name":"(anonymous_0)","decl":{"start":{"line":24,"column":22},"end":{"line":24,"column":23}},"loc":{"start":{"line":24,"column":27},"end":{"line":28,"column":3}},"line":24},"1":{"name":"(anonymous_1)","decl":{"start":{"line":30,"column":25},"end":{"line":30,"column":26}},"loc":{"start":{"line":30,"column":30},"end":{"line":34,"column":3}},"line":30},"2":{"name":"(anonymous_2)","decl":{"start":{"line":37,"column":13},"end":{"line":37,"column":14}},"loc":{"start":{"line":37,"column":19},"end":{"line":65,"column":3}},"line":37},"3":{"name":"(anonymous_3)","decl":{"start":{"line":67,"column":13},"end":{"line":67,"column":14}},"loc":{"start":{"line":67,"column":18},"end":{"line":73,"column":3}},"line":67},"4":{"name":"(anonymous_4)","decl":{"start":{"line":76,"column":20},"end":{"line":76,"column":21}},"loc":{"start":{"line":76,"column":25},"end":{"line":80,"column":3}},"line":76},"5":{"name":"(anonymous_5)","decl":{"start":{"line":82,"column":2},"end":{"line":82,"column":3}},"loc":{"start":{"line":82,"column":11},"end":{"line":160,"column":3}},"line":82}},"branchMap":{"0":{"loc":{"start":{"line":44,"column":4},"end":{"line":52,"column":5}},"type":"if","locations":[{"start":{"line":44,"column":4},"end":{"line":52,"column":5}},{"start":{"line":44,"column":4},"end":{"line":52,"column":5}}],"line":44},"1":{"loc":{"start":{"line":47,"column":11},"end":{"line":52,"column":5}},"type":"if","locations":[{"start":{"line":47,"column":11},"end":{"line":52,"column":5}},{"start":{"line":47,"column":11},"end":{"line":52,"column":5}}],"line":47},"2":{"loc":{"start":{"line":54,"column":4},"end":{"line":58,"column":5}},"type":"if","locations":[{"start":{"line":54,"column":4},"end":{"line":58,"column":5}},{"start":{"line":54,"column":4},"end":{"line":58,"column":5}}],"line":54},"3":{"loc":{"start":{"line":70,"column":4},"end":{"line":72,"column":5}},"type":"if","locations":[{"start":{"line":70,"column":4},"end":{"line":72,"column":5}},{"start":{"line":70,"column":4},"end":{"line":72,"column":5}}],"line":70},"4":{"loc":{"start":{"line":92,"column":18},"end":{"line":94,"column":33}},"type":"cond-expr","locations":[{"start":{"line":93,"column":20},"end":{"line":93,"column":45}},{"start":{"line":94,"column":20},"end":{"line":94,"column":33}}],"line":92},"5":{"loc":{"start":{"line":107,"column":18},"end":{"line":109,"column":33}},"type":"cond-expr","locations":[{"start":{"line":108,"column":20},"end":{"line":108,"column":45}},{"start":{"line":109,"column":20},"end":{"line":109,"column":33}}],"line":107}},"s":{"0":0,"1":0,"2":0,"3":0,"4":0,"5":0,"6":0,"7":0,"8":0,"9":0,"10":0,"11":0,"12":0,"13":0,"14":0,"15":0,"16":0,"17":0,"18":0,"19":0,"20":0,"21":0,"22":0,"23":0,"24":0,"25":0,"26":0,"27":0,"28":0,"29":0,"30":0,"31":0},"f":{"0":0,"1":0,"2":0,"3":0,"4":0,"5":0},"b":{"0":[0,0],"1":[0,0],"2":[0,0],"3":[0,0],"4":[0,0],"5":[0,0]},"hash":"cbaaae5b6695e8213e45cf9e16a55eda5726cd19"}
,"/home/quinton/lighthouse/FINAL/FINAL/src/landingpage/src/components/signup/SignupFooter.js": {"path":"/home/quinton/lighthouse/FINAL/FINAL/src/landingpage/src/components/signup/SignupFooter.js","statementMap":{"0":{"start":{"line":10,"column":10},"end":{"line":12,"column":3}},"1":{"start":{"line":14,"column":17},"end":{"line":19,"column":3}},"2":{"start":{"line":15,"column":4},"end":{"line":15,"column":23}},"3":{"start":{"line":16,"column":4},"end":{"line":18,"column":7}},"4":{"start":{"line":21,"column":4},"end":{"line":63,"column":6}},"5":{"start":{"line":70,"column":20},"end":{"line":72,"column":2}},"6":{"start":{"line":75,"column":24},"end":{"line":158,"column":1}}},"fnMap":{"0":{"name":"(anonymous_0)","decl":{"start":{"line":14,"column":17},"end":{"line":14,"column":18}},"loc":{"start":{"line":14,"column":22},"end":{"line":19,"column":3}},"line":14},"1":{"name":"(anonymous_1)","decl":{"start":{"line":20,"column":2},"end":{"line":20,"column":3}},"loc":{"start":{"line":20,"column":11},"end":{"line":64,"column":3}},"line":20}},"branchMap":{"0":{"loc":{"start":{"line":52,"column":9},"end":{"line":61,"column":9}},"type":"binary-expr","locations":[{"start":{"line":52,"column":9},"end":{"line":52,"column":31}},{"start":{"line":53,"column":10},"end":{"line":60,"column":16}}],"line":52}},"s":{"0":0,"1":0,"2":0,"3":0,"4":0,"5":0,"6":0},"f":{"0":0,"1":0},"b":{"0":[0,0]},"hash":"bcbea380c697fe41612fa149506286ba5b049549"}
,"/home/quinton/lighthouse/FINAL/FINAL/src/landingpage/src/components/signup/SignupForm.js": {"path":"/home/quinton/lighthouse/FINAL/FINAL/src/landingpage/src/components/signup/SignupForm.js","statementMap":{"0":{"start":{"line":9,"column":15},"end":{"line":11,"column":1}},"1":{"start":{"line":13,"column":18},"end":{"line":19,"column":1}},"2":{"start":{"line":22,"column":10},"end":{"line":22,"column":19}},"3":{"start":{"line":24,"column":22},"end":{"line":28,"column":3}},"4":{"start":{"line":25,"column":4},"end":{"line":27,"column":7}},"5":{"start":{"line":30,"column":25},"end":{"line":34,"column":3}},"6":{"start":{"line":31,"column":4},"end":{"line":33,"column":7}},"7":{"start":{"line":37,"column":13},"end":{"line":65,"column":3}},"8":{"start":{"line":38,"column":21},"end":{"line":38,"column":26}},"9":{"start":{"line":39,"column":19},"end":{"line":42,"column":5}},"10":{"start":{"line":44,"column":4},"end":{"line":52,"column":5}},"11":{"start":{"line":45,"column":6},"end":{"line":45,"column":24}},"12":{"start":{"line":46,"column":6},"end":{"line":46,"column":56}},"13":{"start":{"line":47,"column":11},"end":{"line":52,"column":5}},"14":{"start":{"line":48,"column":6},"end":{"line":48,"column":24}},"15":{"start":{"line":49,"column":6},"end":{"line":51,"column":8}},"16":{"start":{"line":54,"column":4},"end":{"line":58,"column":5}},"17":{"start":{"line":55,"column":6},"end":{"line":55,"column":24}},"18":{"start":{"line":56,"column":6},"end":{"line":57,"column":66}},"19":{"start":{"line":60,"column":4},"end":{"line":62,"column":7}},"20":{"start":{"line":64,"column":4},"end":{"line":64,"column":22}},"21":{"start":{"line":67,"column":13},"end":{"line":73,"column":3}},"22":{"start":{"line":68,"column":4},"end":{"line":68,"column":23}},"23":{"start":{"line":69,"column":16},"end":{"line":69,"column":31}},"24":{"start":{"line":70,"column":4},"end":{"line":72,"column":5}},"25":{"start":{"line":71,"column":6},"end":{"line":71,"column":31}},"26":{"start":{"line":76,"column":20},"end":{"line":80,"column":3}},"27":{"start":{"line":77,"column":4},"end":{"line":79,"column":7}},"28":{"start":{"line":83,"column":4},"end":{"line":159,"column":6}},"29":{"start":{"line":163,"column":0},"end":{"line":174,"column":1}},"30":{"start":{"line":179,"column":20},"end":{"line":181,"column":2}},"31":{"start":{"line":184,"column":22},"end":{"line":314,"column":1}},"32":{"start":{"line":317,"column":12},"end":{"line":334,"column":1}}},"fnMap":{"0":{"name":"(anonymous_0)","decl":{"start":{"line":24,"column":22},"end":{"line":24,"column":23}},"loc":{"start":{"line":24,"column":27},"end":{"line":28,"column":3}},"line":24},"1":{"name":"(anonymous_1)","decl":{"start":{"line":30,"column":25},"end":{"line":30,"column":26}},"loc":{"start":{"line":30,"column":30},"end":{"line":34,"column":3}},"line":30},"2":{"name":"(anonymous_2)","decl":{"start":{"line":37,"column":13},"end":{"line":37,"column":14}},"loc":{"start":{"line":37,"column":19},"end":{"line":65,"column":3}},"line":37},"3":{"name":"(anonymous_3)","decl":{"start":{"line":67,"column":13},"end":{"line":67,"column":14}},"loc":{"start":{"line":67,"column":18},"end":{"line":73,"column":3}},"line":67},"4":{"name":"(anonymous_4)","decl":{"start":{"line":76,"column":20},"end":{"line":76,"column":21}},"loc":{"start":{"line":76,"column":25},"end":{"line":80,"column":3}},"line":76},"5":{"name":"(anonymous_5)","decl":{"start":{"line":82,"column":2},"end":{"line":82,"column":3}},"loc":{"start":{"line":82,"column":11},"end":{"line":160,"column":3}},"line":82}},"branchMap":{"0":{"loc":{"start":{"line":44,"column":4},"end":{"line":52,"column":5}},"type":"if","locations":[{"start":{"line":44,"column":4},"end":{"line":52,"column":5}},{"start":{"line":44,"column":4},"end":{"line":52,"column":5}}],"line":44},"1":{"loc":{"start":{"line":47,"column":11},"end":{"line":52,"column":5}},"type":"if","locations":[{"start":{"line":47,"column":11},"end":{"line":52,"column":5}},{"start":{"line":47,"column":11},"end":{"line":52,"column":5}}],"line":47},"2":{"loc":{"start":{"line":54,"column":4},"end":{"line":58,"column":5}},"type":"if","locations":[{"start":{"line":54,"column":4},"end":{"line":58,"column":5}},{"start":{"line":54,"column":4},"end":{"line":58,"column":5}}],"line":54},"3":{"loc":{"start":{"line":70,"column":4},"end":{"line":72,"column":5}},"type":"if","locations":[{"start":{"line":70,"column":4},"end":{"line":72,"column":5}},{"start":{"line":70,"column":4},"end":{"line":72,"column":5}}],"line":70},"4":{"loc":{"start":{"line":92,"column":18},"end":{"line":94,"column":35}},"type":"cond-expr","locations":[{"start":{"line":93,"column":22},"end":{"line":93,"column":47}},{"start":{"line":94,"column":22},"end":{"line":94,"column":35}}],"line":92},"5":{"loc":{"start":{"line":107,"column":18},"end":{"line":109,"column":35}},"type":"cond-expr","locations":[{"start":{"line":108,"column":22},"end":{"line":108,"column":47}},{"start":{"line":109,"column":22},"end":{"line":109,"column":35}}],"line":107}},"s":{"0":0,"1":0,"2":0,"3":0,"4":0,"5":0,"6":0,"7":0,"8":0,"9":0,"10":0,"11":0,"12":0,"13":0,"14":0,"15":0,"16":0,"17":0,"18":0,"19":0,"20":0,"21":0,"22":0,"23":0,"24":0,"25":0,"26":0,"27":0,"28":0,"29":0,"30":0,"31":0,"32":0},"f":{"0":0,"1":0,"2":0,"3":0,"4":0,"5":0},"b":{"0":[0,0],"1":[0,0],"2":[0,0],"3":[0,0],"4":[0,0],"5":[0,0]},"hash":"033700c6d903dac2837479a512abf56e2cc5cf28"}
,"/home/quinton/lighthouse/FINAL/FINAL/src/landingpage/src/components/tabs_nav/TabDevices.js": {"path":"/home/quinton/lighthouse/FINAL/FINAL/src/landingpage/src/components/tabs_nav/TabDevices.js","statementMap":{"0":{"start":{"line":4,"column":2},"end":{"line":19,"column":4}}},"fnMap":{"0":{"name":"TabDevices","decl":{"start":{"line":3,"column":24},"end":{"line":3,"column":34}},"loc":{"start":{"line":3,"column":37},"end":{"line":20,"column":1}},"line":3}},"branchMap":{},"s":{"0":0},"f":{"0":0},"b":{},"hash":"176768782f28734757af530e573097ddf0a8806d"}
,"/home/quinton/lighthouse/FINAL/FINAL/src/landingpage/src/components/tabs_nav/TabDoor.js": {"path":"/home/quinton/lighthouse/FINAL/FINAL/src/landingpage/src/components/tabs_nav/TabDoor.js","statementMap":{"0":{"start":{"line":4,"column":2},"end":{"line":15,"column":4}}},"fnMap":{"0":{"name":"TabDoor","decl":{"start":{"line":3,"column":24},"end":{"line":3,"column":31}},"loc":{"start":{"line":3,"column":34},"end":{"line":16,"column":1}},"line":3}},"branchMap":{},"s":{"0":0},"f":{"0":0},"b":{},"hash":"71ac6ecaa65dbdef5b5a38a028c2c66e31760e07"}
,"/home/quinton/lighthouse/FINAL/FINAL/src/landingpage/src/pages/Login.js": {"path":"/home/quinton/lighthouse/FINAL/FINAL/src/landingpage/src/pages/Login.js","statementMap":{"0":{"start":{"line":8,"column":4},"end":{"line":16,"column":8}}},"fnMap":{"0":{"name":"(anonymous_0)","decl":{"start":{"line":7,"column":2},"end":{"line":7,"column":3}},"loc":{"start":{"line":7,"column":11},"end":{"line":17,"column":3}},"line":7}},"branchMap":{},"s":{"0":0},"f":{"0":0},"b":{},"hash":"e53761c884030590e9e5ff2729661728631d8da9"}
,"/home/quinton/lighthouse/FINAL/FINAL/src/landingpage/src/pages/Signup.js": {"path":"/home/quinton/lighthouse/FINAL/FINAL/src/landingpage/src/pages/Signup.js","statementMap":{"0":{"start":{"line":8,"column":4},"end":{"line":16,"column":6}}},"fnMap":{"0":{"name":"(anonymous_0)","decl":{"start":{"line":7,"column":2},"end":{"line":7,"column":3}},"loc":{"start":{"line":7,"column":11},"end":{"line":17,"column":3}},"line":7}},"branchMap":{},"s":{"0":0},"f":{"0":0},"b":{},"hash":"fcc3d431067e030288a18e7d2bbd8e559b12d062"}
,"/home/quinton/lighthouse/FINAL/FINAL/src/landingpage/src/pages/index.js": {"path":"/home/quinton/lighthouse/FINAL/FINAL/src/landingpage/src/pages/index.js","statementMap":{"0":{"start":{"line":8,"column":4},"end":{"line":14,"column":6}}},"fnMap":{"0":{"name":"(anonymous_0)","decl":{"start":{"line":7,"column":2},"end":{"line":7,"column":3}},"loc":{"start":{"line":7,"column":11},"end":{"line":15,"column":3}},"line":7}},"branchMap":{},"s":{"0":0},"f":{"0":0},"b":{},"hash":"44d658d156d5c10bf2b9cb5be852759a81d40c30"}
}
