TN:
SF:/home/quinton/lighthouse/FINAL/FINAL/src/App.js
FN:100,App
FN:101,(anonymous_1)
FN:102,(anonymous_2)
FN:103,(anonymous_3)
FN:110,(anonymous_4)
FN:116,(anonymous_5)
FN:118,(anonymous_6)
FN:121,(anonymous_7)
FN:145,(anonymous_8)
FNF:9
FNH:4
FNDA:1,App
FNDA:1,(anonymous_1)
FNDA:0,(anonymous_2)
FNDA:0,(anonymous_3)
FNDA:0,(anonymous_4)
FNDA:1,(anonymous_5)
FNDA:0,(anonymous_6)
FNDA:0,(anonymous_7)
FNDA:10,(anonymous_8)
DA:15,1
DA:25,1
DA:88,1
DA:94,1
DA:101,1
DA:102,1
DA:103,0
DA:107,1
DA:109,1
DA:110,1
DA:111,0
DA:116,1
DA:118,1
DA:119,0
DA:120,0
DA:121,0
DA:122,0
DA:123,0
DA:125,0
DA:126,0
DA:127,0
DA:128,0
DA:132,1
DA:133,1
DA:146,10
LF:25
LH:14
BRDA:111,0,0,0
BRDA:111,0,1,0
BRDA:116,1,0,1
BRDA:116,2,0,1
BRDA:123,3,0,0
BRDA:123,3,1,0
BRDA:125,4,0,0
BRDA:125,4,1,0
BRDA:128,5,0,0
BRDA:128,5,1,0
BRF:10
BRH:2
end_of_record
TN:
SF:/home/quinton/lighthouse/FINAL/FINAL/src/AuthenticateError.js
FN:5,(anonymous_0)
FNF:1
FNH:0
FNDA:0,(anonymous_0)
DA:5,0
DA:7,0
LF:2
LH:0
BRF:0
BRH:0
end_of_record
TN:
SF:/home/quinton/lighthouse/FINAL/FINAL/src/index.js
FNF:0
FNH:0
DA:17,0
DA:19,0
DA:20,0
DA:27,0
DA:32,0
LF:5
LH:0
BRDA:19,0,0,0
BRDA:19,0,1,0
BRF:2
BRH:0
end_of_record
TN:
SF:/home/quinton/lighthouse/FINAL/FINAL/src/login.js
FN:5,(anonymous_0)
FN:12,(anonymous_1)
FN:17,(anonymous_2)
FN:19,(anonymous_3)
FN:20,(anonymous_4)
FN:23,(anonymous_5)
FN:28,(anonymous_6)
FN:39,(anonymous_7)
FN:41,(anonymous_8)
FN:46,(anonymous_9)
FN:57,(anonymous_10)
FN:66,(anonymous_11)
FN:73,(anonymous_12)
FNF:13
FNH:0
FNDA:0,(anonymous_0)
FNDA:0,(anonymous_1)
FNDA:0,(anonymous_2)
FNDA:0,(anonymous_3)
FNDA:0,(anonymous_4)
FNDA:0,(anonymous_5)
FNDA:0,(anonymous_6)
FNDA:0,(anonymous_7)
FNDA:0,(anonymous_8)
FNDA:0,(anonymous_9)
FNDA:0,(anonymous_10)
FNDA:0,(anonymous_11)
FNDA:0,(anonymous_12)
DA:5,0
DA:6,0
DA:11,0
DA:12,0
DA:13,0
DA:17,0
DA:18,0
DA:19,0
DA:20,0
DA:23,0
DA:24,0
DA:29,0
DA:30,0
DA:31,0
DA:33,0
DA:34,0
DA:35,0
DA:36,0
DA:39,0
DA:41,0
DA:42,0
DA:47,0
DA:48,0
DA:49,0
DA:51,0
DA:52,0
DA:53,0
DA:54,0
DA:57,0
DA:60,0
DA:66,0
DA:73,0
LF:32
LH:0
BRDA:29,0,0,0
BRDA:29,0,1,0
BRDA:33,1,0,0
BRDA:33,1,1,0
BRDA:47,2,0,0
BRDA:47,2,1,0
BRDA:51,3,0,0
BRDA:51,3,1,0
BRDA:65,4,0,0
BRDA:65,4,1,0
BRDA:72,5,0,0
BRDA:72,5,1,0
BRDA:79,6,0,0
BRDA:79,6,1,0
BRDA:80,7,0,0
BRDA:80,7,1,0
BRF:16
BRH:0
end_of_record
TN:
SF:/home/quinton/lighthouse/FINAL/FINAL/src/serviceWorker.js
FN:23,register
FN:34,(anonymous_1)
FN:43,(anonymous_2)
FN:57,registerValidSW
FN:60,(anonymous_4)
FN:61,(anonymous_5)
FN:66,(anonymous_6)
FN:96,(anonymous_7)
FN:101,checkValidServiceWorker
FN:106,(anonymous_9)
FN:114,(anonymous_10)
FN:115,(anonymous_11)
FN:124,(anonymous_12)
FN:131,unregister
FN:134,(anonymous_14)
FN:137,(anonymous_15)
FNF:16
FNH:0
FNDA:0,register
FNDA:0,(anonymous_1)
FNDA:0,(anonymous_2)
FNDA:0,registerValidSW
FNDA:0,(anonymous_4)
FNDA:0,(anonymous_5)
FNDA:0,(anonymous_6)
FNDA:0,(anonymous_7)
FNDA:0,checkValidServiceWorker
FNDA:0,(anonymous_9)
FNDA:0,(anonymous_10)
FNDA:0,(anonymous_11)
FNDA:0,(anonymous_12)
FNDA:0,unregister
FNDA:0,(anonymous_14)
FNDA:0,(anonymous_15)
DA:13,0
DA:24,0
DA:26,0
DA:27,0
DA:31,0
DA:34,0
DA:35,0
DA:37,0
DA:39,0
DA:43,0
DA:44,0
DA:51,0
DA:58,0
DA:61,0
DA:62,0
DA:63,0
DA:64,0
DA:66,0
DA:67,0
DA:68,0
DA:72,0
DA:78,0
DA:79,0
DA:85,0
DA:88,0
DA:89,0
DA:97,0
DA:103,0
DA:108,0
DA:109,0
DA:114,0
DA:115,0
DA:116,0
DA:121,0
DA:125,0
DA:132,0
DA:133,0
DA:135,0
DA:138,0
LF:39
LH:0
BRDA:14,0,0,0
BRDA:14,0,1,0
BRDA:14,0,2,0
BRDA:24,1,0,0
BRDA:24,1,1,0
BRDA:24,2,0,0
BRDA:24,2,1,0
BRDA:27,3,0,0
BRDA:27,3,1,0
BRDA:37,4,0,0
BRDA:37,4,1,0
BRDA:63,5,0,0
BRDA:63,5,1,0
BRDA:67,6,0,0
BRDA:67,6,1,0
BRDA:68,7,0,0
BRDA:68,7,1,0
BRDA:78,8,0,0
BRDA:78,8,1,0
BRDA:78,9,0,0
BRDA:78,9,1,0
BRDA:88,10,0,0
BRDA:88,10,1,0
BRDA:88,11,0,0
BRDA:88,11,1,0
BRDA:109,12,0,0
BRDA:109,12,1,0
BRDA:110,13,0,0
BRDA:110,13,1,0
BRDA:110,13,2,0
BRDA:132,14,0,0
BRDA:132,14,1,0
BRF:32
BRH:0
end_of_record
TN:
SF:/home/quinton/lighthouse/FINAL/FINAL/src/userAuth.js
FN:4,(anonymous_0)
FN:8,(anonymous_1)
FN:9,(anonymous_2)
FN:16,(anonymous_3)
FNF:4
FNH:0
FNDA:0,(anonymous_0)
FNDA:0,(anonymous_1)
FNDA:0,(anonymous_2)
FNDA:0,(anonymous_3)
DA:4,0
DA:5,0
DA:6,0
DA:8,0
DA:9,0
DA:10,0
DA:11,0
DA:16,0
DA:17,0
DA:18,0
DA:20,0
DA:24,0
LF:12
LH:0
BRDA:10,0,0,0
BRDA:10,0,1,0
BRDA:17,1,0,0
BRDA:17,1,1,0
BRF:4
BRH:0
end_of_record
TN:
SF:/home/quinton/lighthouse/FINAL/FINAL/src/Reducers/reduxReducer.js
FN:8,(anonymous_0)
FNF:1
FNH:0
FNDA:0,(anonymous_0)
DA:2,0
DA:8,0
DA:9,0
LF:3
LH:0
BRDA:8,0,0,0
BRF:1
BRH:0
end_of_record
TN:
SF:/home/quinton/lighthouse/FINAL/FINAL/src/components/Banner/Banner.js
FN:15,Banner
FNF:1
FNH:1
FNDA:1,Banner
DA:16,1
LF:1
LH:1
BRF:0
BRH:0
end_of_record
TN:
SF:/home/quinton/lighthouse/FINAL/FINAL/src/components/Comments/Comment.js
FN:7,Comment
FNF:1
FNH:0
FNDA:0,Comment
DA:8,0
LF:1
LH:0
BRF:0
BRH:0
end_of_record
TN:
SF:/home/quinton/lighthouse/FINAL/FINAL/src/components/Comments/CommentBoard.js
FN:11,(anonymous_0)
FN:13,(anonymous_1)
FN:14,(anonymous_2)
FN:17,(anonymous_3)
FN:23,(anonymous_4)
FN:24,(anonymous_5)
FN:28,CommentBoard
FN:32,(anonymous_7)
FN:34,(anonymous_8)
FN:35,(anonymous_9)
FN:44,(anonymous_10)
FN:50,(anonymous_11)
FN:52,(anonymous_12)
FNF:13
FNH:0
FNDA:0,(anonymous_0)
FNDA:0,(anonymous_1)
FNDA:0,(anonymous_2)
FNDA:0,(anonymous_3)
FNDA:0,(anonymous_4)
FNDA:0,(anonymous_5)
FNDA:0,CommentBoard
FNDA:0,(anonymous_7)
FNDA:0,(anonymous_8)
FNDA:0,(anonymous_9)
FNDA:0,(anonymous_10)
FNDA:0,(anonymous_11)
FNDA:0,(anonymous_12)
DA:7,0
DA:11,0
DA:12,0
DA:13,0
DA:14,0
DA:17,0
DA:18,0
DA:23,0
DA:24,0
DA:29,0
DA:30,0
DA:32,0
DA:33,0
DA:35,0
DA:42,0
DA:44,0
DA:50,0
DA:52,0
LF:18
LH:0
BRDA:35,0,0,0
BRDA:35,0,1,0
BRDA:44,1,0,0
BRDA:44,1,1,0
BRDA:48,2,0,0
BRDA:48,2,1,0
BRF:6
BRH:0
end_of_record
TN:
SF:/home/quinton/lighthouse/FINAL/FINAL/src/components/Discover/Discover.js
FN:30,Discover
FN:42,(anonymous_1)
FN:43,(anonymous_2)
FN:44,(anonymous_3)
FN:45,(anonymous_4)
FN:46,(anonymous_5)
FN:48,(anonymous_6)
FN:49,(anonymous_7)
FN:50,(anonymous_8)
FN:51,(anonymous_9)
FN:52,(anonymous_10)
FN:54,(anonymous_11)
FN:55,(anonymous_12)
FN:55,(anonymous_13)
FN:56,(anonymous_14)
FN:56,(anonymous_15)
FN:57,(anonymous_16)
FN:57,(anonymous_17)
FN:58,(anonymous_18)
FN:58,(anonymous_19)
FN:79,(anonymous_20)
FN:80,(anonymous_21)
FN:81,(anonymous_22)
FN:82,(anonymous_23)
FN:85,(anonymous_24)
FN:85,(anonymous_25)
FN:89,(anonymous_26)
FN:90,(anonymous_27)
FN:91,(anonymous_28)
FN:92,(anonymous_29)
FN:95,(anonymous_30)
FN:95,(anonymous_31)
FN:99,(anonymous_32)
FN:100,(anonymous_33)
FN:101,(anonymous_34)
FN:102,(anonymous_35)
FN:105,(anonymous_36)
FN:105,(anonymous_37)
FN:109,(anonymous_38)
FN:110,(anonymous_39)
FN:111,(anonymous_40)
FN:112,(anonymous_41)
FN:115,(anonymous_42)
FN:115,(anonymous_43)
FNF:44
FNH:0
FNDA:0,Discover
FNDA:0,(anonymous_1)
FNDA:0,(anonymous_2)
FNDA:0,(anonymous_3)
FNDA:0,(anonymous_4)
FNDA:0,(anonymous_5)
FNDA:0,(anonymous_6)
FNDA:0,(anonymous_7)
FNDA:0,(anonymous_8)
FNDA:0,(anonymous_9)
FNDA:0,(anonymous_10)
FNDA:0,(anonymous_11)
FNDA:0,(anonymous_12)
FNDA:0,(anonymous_13)
FNDA:0,(anonymous_14)
FNDA:0,(anonymous_15)
FNDA:0,(anonymous_16)
FNDA:0,(anonymous_17)
FNDA:0,(anonymous_18)
FNDA:0,(anonymous_19)
FNDA:0,(anonymous_20)
FNDA:0,(anonymous_21)
FNDA:0,(anonymous_22)
FNDA:0,(anonymous_23)
FNDA:0,(anonymous_24)
FNDA:0,(anonymous_25)
FNDA:0,(anonymous_26)
FNDA:0,(anonymous_27)
FNDA:0,(anonymous_28)
FNDA:0,(anonymous_29)
FNDA:0,(anonymous_30)
FNDA:0,(anonymous_31)
FNDA:0,(anonymous_32)
FNDA:0,(anonymous_33)
FNDA:0,(anonymous_34)
FNDA:0,(anonymous_35)
FNDA:0,(anonymous_36)
FNDA:0,(anonymous_37)
FNDA:0,(anonymous_38)
FNDA:0,(anonymous_39)
FNDA:0,(anonymous_40)
FNDA:0,(anonymous_41)
FNDA:0,(anonymous_42)
FNDA:0,(anonymous_43)
DA:31,0
DA:41,0
DA:42,0
DA:43,0
DA:44,0
DA:45,0
DA:46,0
DA:48,0
DA:49,0
DA:50,0
DA:51,0
DA:52,0
DA:54,0
DA:55,0
DA:56,0
DA:57,0
DA:58,0
DA:61,0
DA:72,0
DA:79,0
DA:80,0
DA:81,0
DA:82,0
DA:85,0
DA:89,0
DA:90,0
DA:91,0
DA:92,0
DA:95,0
DA:99,0
DA:100,0
DA:101,0
DA:102,0
DA:105,0
DA:109,0
DA:110,0
DA:111,0
DA:112,0
DA:115,0
LF:39
LH:0
BRDA:43,0,0,0
BRDA:43,0,1,0
BRDA:44,1,0,0
BRDA:44,1,1,0
BRDA:45,2,0,0
BRDA:45,2,1,0
BRDA:46,3,0,0
BRDA:46,3,1,0
BRDA:49,4,0,0
BRDA:49,4,1,0
BRDA:50,5,0,0
BRDA:50,5,1,0
BRDA:51,6,0,0
BRDA:51,6,1,0
BRDA:52,7,0,0
BRDA:52,7,1,0
BRDA:55,8,0,0
BRDA:55,8,1,0
BRDA:55,9,0,0
BRDA:55,9,1,0
BRDA:56,10,0,0
BRDA:56,10,1,0
BRDA:56,11,0,0
BRDA:56,11,1,0
BRDA:57,12,0,0
BRDA:57,12,1,0
BRDA:57,13,0,0
BRDA:57,13,1,0
BRDA:58,14,0,0
BRDA:58,14,1,0
BRDA:58,15,0,0
BRDA:58,15,1,0
BRDA:84,16,0,0
BRDA:84,16,1,0
BRDA:86,17,0,0
BRDA:86,17,1,0
BRDA:94,18,0,0
BRDA:94,18,1,0
BRDA:96,19,0,0
BRDA:96,19,1,0
BRDA:104,20,0,0
BRDA:104,20,1,0
BRDA:106,21,0,0
BRDA:106,21,1,0
BRDA:114,22,0,0
BRDA:114,22,1,0
BRDA:116,23,0,0
BRDA:116,23,1,0
BRF:48
BRH:0
end_of_record
TN:
SF:/home/quinton/lighthouse/FINAL/FINAL/src/components/Discover/Show.js
FN:7,Show
FN:10,(anonymous_1)
FN:22,(anonymous_2)
FNF:3
FNH:0
FNDA:0,Show
FNDA:0,(anonymous_1)
FNDA:0,(anonymous_2)
DA:8,0
DA:9,0
DA:10,0
DA:11,0
DA:12,0
DA:15,0
DA:22,0
LF:7
LH:0
BRDA:11,0,0,0
BRDA:11,0,1,0
BRDA:12,1,0,0
BRDA:12,1,1,0
BRF:4
BRH:0
end_of_record
TN:
SF:/home/quinton/lighthouse/FINAL/FINAL/src/components/Discover/constants.js
FNF:0
FNH:0
DA:1,0
DA:18,0
LF:2
LH:0
BRF:0
BRH:0
end_of_record
TN:
SF:/home/quinton/lighthouse/FINAL/FINAL/src/components/Edit/AliasCard.js
FN:6,AliasCard
FN:27,(anonymous_1)
FN:36,(anonymous_2)
FN:48,(anonymous_3)
FN:57,(anonymous_4)
FN:69,(anonymous_5)
FN:78,(anonymous_6)
FNF:7
FNH:0
FNDA:0,AliasCard
FNDA:0,(anonymous_1)
FNDA:0,(anonymous_2)
FNDA:0,(anonymous_3)
FNDA:0,(anonymous_4)
FNDA:0,(anonymous_5)
FNDA:0,(anonymous_6)
DA:7,0
DA:15,0
DA:17,0
DA:27,0
DA:36,0
DA:48,0
DA:57,0
DA:69,0
DA:78,0
LF:9
LH:0
BRDA:8,0,0,0
BRDA:8,0,1,0
BRDA:9,1,0,0
BRDA:9,1,1,0
BRDA:10,2,0,0
BRDA:10,2,1,0
BRDA:11,3,0,0
BRDA:11,3,1,0
BRDA:12,4,0,0
BRDA:12,4,1,0
BRDA:13,5,0,0
BRDA:13,5,1,0
BRDA:25,6,0,0
BRDA:25,6,1,0
BRDA:34,7,0,0
BRDA:34,7,1,0
BRDA:46,8,0,0
BRDA:46,8,1,0
BRDA:55,9,0,0
BRDA:55,9,1,0
BRDA:67,10,0,0
BRDA:67,10,1,0
BRDA:76,11,0,0
BRDA:76,11,1,0
BRF:24
BRH:0
end_of_record
TN:
SF:/home/quinton/lighthouse/FINAL/FINAL/src/components/Edit/Avatar.js
FN:4,Avatar
FN:11,(anonymous_1)
FN:12,(anonymous_2)
FN:23,(anonymous_3)
FNF:4
FNH:0
FNDA:0,Avatar
FNDA:0,(anonymous_1)
FNDA:0,(anonymous_2)
FNDA:0,(anonymous_3)
DA:6,0
DA:11,0
DA:12,0
DA:23,0
LF:4
LH:0
BRDA:21,0,0,0
BRDA:21,0,1,0
BRF:2
BRH:0
end_of_record
TN:
SF:/home/quinton/lighthouse/FINAL/FINAL/src/components/Edit/Edit.js
FN:19,Edit
FN:35,(anonymous_1)
FN:52,(anonymous_2)
FN:53,(anonymous_3)
FN:55,(anonymous_4)
FN:59,(anonymous_5)
FN:64,(anonymous_6)
FN:97,(anonymous_7)
FNF:8
FNH:0
FNDA:0,Edit
FNDA:0,(anonymous_1)
FNDA:0,(anonymous_2)
FNDA:0,(anonymous_3)
FNDA:0,(anonymous_4)
FNDA:0,(anonymous_5)
FNDA:0,(anonymous_6)
FNDA:0,(anonymous_7)
DA:20,0
DA:33,0
DA:35,0
DA:36,0
DA:52,0
DA:53,0
DA:55,0
DA:56,0
DA:59,0
DA:60,0
DA:61,0
DA:64,0
DA:67,0
DA:97,0
DA:98,0
LF:15
LH:0
BRDA:22,0,0,0
BRDA:22,0,1,0
BRDA:23,1,0,0
BRDA:23,1,1,0
BRDA:24,2,0,0
BRDA:24,2,1,0
BRDA:25,3,0,0
BRDA:25,3,1,0
BRDA:26,4,0,0
BRDA:26,4,1,0
BRDA:27,5,0,0
BRDA:27,5,1,0
BRDA:29,6,0,0
BRDA:29,6,1,0
BRDA:30,7,0,0
BRDA:30,7,1,0
BRDA:31,8,0,0
BRDA:31,8,1,0
BRDA:38,9,0,0
BRDA:38,9,1,0
BRDA:39,10,0,0
BRDA:39,10,1,0
BRDA:40,11,0,0
BRDA:40,11,1,0
BRDA:41,12,0,0
BRDA:41,12,1,0
BRDA:42,13,0,0
BRDA:42,13,1,0
BRDA:43,14,0,0
BRDA:43,14,1,0
BRDA:44,15,0,0
BRDA:44,15,1,0
BRDA:45,16,0,0
BRDA:45,16,1,0
BRDA:46,17,0,0
BRDA:46,17,1,0
BRDA:47,18,0,0
BRDA:47,18,1,0
BRDA:48,19,0,0
BRDA:48,19,1,0
BRDA:49,20,0,0
BRDA:49,20,1,0
BRDA:69,21,0,0
BRDA:69,21,1,0
BRF:44
BRH:0
end_of_record
TN:
SF:/home/quinton/lighthouse/FINAL/FINAL/src/components/Edit/Spotify.js
FN:4,Spotify
FN:19,(anonymous_1)
FN:33,(anonymous_2)
FN:47,(anonymous_3)
FNF:4
FNH:0
FNDA:0,Spotify
FNDA:0,(anonymous_1)
FNDA:0,(anonymous_2)
FNDA:0,(anonymous_3)
DA:6,0
DA:19,0
DA:33,0
DA:47,0
LF:4
LH:0
BRDA:18,0,0,0
BRDA:18,0,1,0
BRDA:32,1,0,0
BRDA:32,1,1,0
BRDA:46,2,0,0
BRDA:46,2,1,0
BRF:6
BRH:0
end_of_record
TN:
SF:/home/quinton/lighthouse/FINAL/FINAL/src/components/Edit/Youtube.js
FN:5,(anonymous_0)
FN:9,Youtube
FN:19,(anonymous_2)
FN:28,(anonymous_3)
FN:37,(anonymous_4)
FNF:5
FNH:0
FNDA:0,(anonymous_0)
FNDA:0,Youtube
FNDA:0,(anonymous_2)
FNDA:0,(anonymous_3)
FNDA:0,(anonymous_4)
DA:5,0
DA:6,0
DA:11,0
DA:19,0
DA:28,0
DA:37,0
LF:6
LH:0
BRDA:18,0,0,0
BRDA:18,0,1,0
BRDA:27,1,0,0
BRDA:27,1,1,0
BRDA:36,2,0,0
BRDA:36,2,1,0
BRF:6
BRH:0
end_of_record
TN:
SF:/home/quinton/lighthouse/FINAL/FINAL/src/components/Edit/editConfig.js
FNF:0
FNH:0
DA:1,0
DA:15,0
LF:2
LH:0
BRF:0
BRH:0
end_of_record
TN:
SF:/home/quinton/lighthouse/FINAL/FINAL/src/components/Friends/Friends.js
FN:22,(anonymous_0)
FN:102,(anonymous_1)
FN:109,(anonymous_2)
FN:113,(anonymous_3)
FN:115,(anonymous_4)
FN:120,(anonymous_5)
FN:159,(anonymous_6)
FN:190,(anonymous_7)
FNF:8
FNH:0
FNDA:0,(anonymous_0)
FNDA:0,(anonymous_1)
FNDA:0,(anonymous_2)
FNDA:0,(anonymous_3)
FNDA:0,(anonymous_4)
FNDA:0,(anonymous_5)
FNDA:0,(anonymous_6)
FNDA:0,(anonymous_7)
DA:22,0
DA:51,0
DA:61,0
DA:75,0
DA:103,0
DA:104,0
DA:110,0
DA:114,0
DA:116,0
DA:119,0
DA:121,0
DA:125,0
DA:160,0
DA:191,0
LF:14
LH:0
BRF:0
BRH:0
end_of_record
TN:
SF:/home/quinton/lighthouse/FINAL/FINAL/src/components/GameCards/GameCard.js
FN:4,GameCard
FNF:1
FNH:0
FNDA:0,GameCard
DA:5,0
DA:6,0
LF:2
LH:0
BRDA:5,0,0,0
BRDA:5,0,1,0
BRF:2
BRH:0
end_of_record
TN:
SF:/home/quinton/lighthouse/FINAL/FINAL/src/components/GameSlider/Content.js
FN:6,(anonymous_0)
FNF:1
FNH:0
FNDA:0,(anonymous_0)
DA:6,1
DA:7,0
LF:2
LH:1
BRF:0
BRH:0
end_of_record
TN:
SF:/home/quinton/lighthouse/FINAL/FINAL/src/components/GameSlider/Item.js
FN:8,(anonymous_0)
FN:10,(anonymous_1)
FN:21,(anonymous_2)
FNF:3
FNH:2
FNDA:10,(anonymous_0)
FNDA:20,(anonymous_1)
FNDA:0,(anonymous_2)
DA:8,1
DA:9,10
DA:11,20
DA:13,20
DA:21,0
LF:5
LH:4
BRDA:11,0,0,20
BRDA:11,0,1,0
BRDA:22,1,0,20
BRDA:22,1,1,0
BRF:4
BRH:2
end_of_record
TN:
SF:/home/quinton/lighthouse/FINAL/FINAL/src/components/GameSlider/Mark.js
FN:4,(anonymous_0)
FNF:1
FNH:0
FNDA:0,(anonymous_0)
DA:4,1
LF:1
LH:1
BRF:0
BRH:0
end_of_record
TN:
SF:/home/quinton/lighthouse/FINAL/FINAL/src/components/GameSlider/ShowDetailsButton.js
FN:5,(anonymous_0)
FNF:1
FNH:1
FNDA:20,(anonymous_0)
DA:5,1
DA:6,20
LF:2
LH:2
BRF:0
BRH:0
end_of_record
TN:
SF:/home/quinton/lighthouse/FINAL/FINAL/src/components/GameSlider/SlideButton.js
FN:5,(anonymous_0)
FNF:1
FNH:1
FNDA:2,(anonymous_0)
DA:5,1
DA:6,2
LF:2
LH:2
BRF:0
BRH:0
end_of_record
TN:
SF:/home/quinton/lighthouse/FINAL/FINAL/src/components/GameSlider/Slider.js
FN:11,(anonymous_0)
FN:23,(anonymous_1)
FN:27,(anonymous_2)
FNF:3
FNH:1
FNDA:3,(anonymous_0)
FNDA:0,(anonymous_1)
FNDA:0,(anonymous_2)
DA:11,1
DA:12,3
DA:13,3
DA:21,3
DA:23,3
DA:24,0
DA:27,3
DA:28,0
DA:31,3
DA:38,3
LF:10
LH:8
BRDA:46,0,0,3
BRDA:46,0,1,0
BRDA:47,1,0,3
BRDA:47,1,1,3
BRDA:49,2,0,3
BRDA:49,2,1,0
BRF:6
BRH:4
end_of_record
TN:
SF:/home/quinton/lighthouse/FINAL/FINAL/src/components/GameSlider/SliderWrapper.js
FN:4,(anonymous_0)
FNF:1
FNH:1
FNDA:2,(anonymous_0)
DA:4,1
DA:5,2
LF:2
LH:2
BRF:0
BRH:0
end_of_record
TN:
SF:/home/quinton/lighthouse/FINAL/FINAL/src/components/GameSlider/StatsApi.js
FN:13,(anonymous_0)
FN:70,(anonymous_1)
FN:83,(anonymous_2)
FN:106,(anonymous_3)
FN:129,(anonymous_4)
FN:152,(anonymous_5)
FNF:6
FNH:0
FNDA:0,(anonymous_0)
FNDA:0,(anonymous_1)
FNDA:0,(anonymous_2)
FNDA:0,(anonymous_3)
FNDA:0,(anonymous_4)
FNDA:0,(anonymous_5)
DA:14,0
DA:15,0
DA:72,0
DA:73,0
DA:74,0
DA:78,0
DA:79,0
DA:84,0
DA:101,0
DA:102,0
DA:107,0
DA:124,0
DA:125,0
DA:130,0
DA:147,0
DA:148,0
DA:153,0
DA:171,0
LF:18
LH:0
BRDA:73,0,0,0
BRDA:73,0,1,0
BRDA:78,1,0,0
BRDA:78,1,1,0
BRDA:101,2,0,0
BRDA:101,2,1,0
BRDA:124,3,0,0
BRDA:124,3,1,0
BRDA:147,4,0,0
BRDA:147,4,1,0
BRF:10
BRH:0
end_of_record
TN:
SF:/home/quinton/lighthouse/FINAL/FINAL/src/components/GameSlider/StatsApiDummyData.js
FNF:0
FNH:0
DA:1,1
DA:377,1
DA:995,1
DA:1294,1
LF:4
LH:4
BRF:0
BRH:0
end_of_record
TN:
SF:/home/quinton/lighthouse/FINAL/FINAL/src/components/GameSlider/StatsGrid.js
FN:10,(anonymous_0)
FN:51,StatsGrid
FNF:2
FNH:0
FNDA:0,(anonymous_0)
FNDA:0,StatsGrid
DA:10,0
DA:27,0
DA:52,0
LF:3
LH:0
BRF:0
BRH:0
end_of_record
TN:
SF:/home/quinton/lighthouse/FINAL/FINAL/src/components/GameSlider/context.js
FNF:0
FNH:0
DA:3,1
LF:1
LH:1
BRF:0
BRH:0
end_of_record
TN:
SF:/home/quinton/lighthouse/FINAL/FINAL/src/components/GameSlider/index.js
FNF:0
FNH:0
DA:4,1
LF:1
LH:1
BRF:0
BRH:0
end_of_record
TN:
SF:/home/quinton/lighthouse/FINAL/FINAL/src/components/GameSlider/useSizeElement.js
FN:3,(anonymous_0)
FN:7,(anonymous_1)
FNF:2
FNH:2
FNDA:3,(anonymous_0)
FNDA:2,(anonymous_1)
DA:3,1
DA:4,3
DA:5,3
DA:7,3
DA:8,2
DA:11,3
LF:6
LH:6
BRF:0
BRH:0
end_of_record
TN:
SF:/home/quinton/lighthouse/FINAL/FINAL/src/components/GameSlider/useSliding.js
FN:5,(anonymous_0)
FN:12,(anonymous_1)
FN:19,(anonymous_2)
FN:24,(anonymous_3)
FNF:4
FNH:2
FNDA:3,(anonymous_0)
FNDA:2,(anonymous_1)
FNDA:0,(anonymous_2)
FNDA:0,(anonymous_3)
DA:3,1
DA:5,1
DA:6,3
DA:7,3
DA:8,3
DA:9,3
DA:10,3
DA:12,3
DA:13,2
DA:15,2
DA:16,2
DA:19,3
DA:20,0
DA:21,0
DA:24,3
DA:25,0
DA:26,0
DA:29,3
DA:33,3
DA:34,3
DA:36,3
LF:21
LH:17
BRF:0
BRH:0
end_of_record
TN:
SF:/home/quinton/lighthouse/FINAL/FINAL/src/components/Header/Navbar.js
FN:7,(anonymous_0)
FNF:1
FNH:1
FNDA:1,(anonymous_0)
DA:7,1
DA:8,1
LF:2
LH:2
BRDA:8,0,0,0
BRDA:8,0,1,1
BRDA:10,1,0,0
BRDA:10,1,1,1
BRDA:11,2,0,0
BRDA:11,2,1,1
BRF:6
BRH:3
end_of_record
TN:
SF:/home/quinton/lighthouse/FINAL/FINAL/src/components/Heros/OWBanner.js
FN:8,HeroBanner
FNF:1
FNH:0
FNDA:0,HeroBanner
DA:9,0
LF:1
LH:0
BRF:0
BRH:0
end_of_record
TN:
SF:/home/quinton/lighthouse/FINAL/FINAL/src/components/Heros/Operators.js
FN:7,HeroBanner
FNF:1
FNH:0
FNDA:0,HeroBanner
DA:8,0
LF:1
LH:0
BRF:0
BRH:0
end_of_record
TN:
SF:/home/quinton/lighthouse/FINAL/FINAL/src/components/Heros/VaultOps.js
FN:8,VaultOps
FNF:1
FNH:0
FNDA:0,VaultOps
DA:9,0
LF:1
LH:0
BRF:0
BRH:0
end_of_record
TN:
SF:/home/quinton/lighthouse/FINAL/FINAL/src/components/Overview/Characters.js
FN:8,Characters
FNF:1
FNH:0
FNDA:0,Characters
DA:9,0
LF:1
LH:0
BRF:0
BRH:0
end_of_record
TN:
SF:/home/quinton/lighthouse/FINAL/FINAL/src/components/Overview/Overview.js
FN:61,Overview
FNF:1
FNH:0
FNDA:0,Overview
DA:31,0
DA:36,0
DA:37,0
DA:40,0
DA:62,0
LF:5
LH:0
BRDA:68,0,0,0
BRDA:68,0,1,0
BRDA:68,0,2,0
BRDA:68,0,3,0
BRDA:68,0,4,0
BRDA:69,1,0,0
BRDA:69,1,1,0
BRDA:70,2,0,0
BRDA:70,2,1,0
BRDA:71,3,0,0
BRDA:71,3,1,0
BRDA:72,4,0,0
BRDA:72,4,1,0
BRF:13
BRH:0
end_of_record
TN:
SF:/home/quinton/lighthouse/FINAL/FINAL/src/components/Overview/Platforms.js
FN:6,(anonymous_0)
FN:8,(anonymous_1)
FN:9,(anonymous_2)
FN:11,(anonymous_3)
FN:15,Platforms
FN:24,(anonymous_5)
FNF:6
FNH:0
FNDA:0,(anonymous_0)
FNDA:0,(anonymous_1)
FNDA:0,(anonymous_2)
FNDA:0,(anonymous_3)
FNDA:0,Platforms
FNDA:0,(anonymous_5)
DA:4,0
DA:6,0
DA:7,0
DA:8,0
DA:9,0
DA:11,0
DA:12,0
DA:16,0
DA:24,0
LF:9
LH:0
BRF:0
BRH:0
end_of_record
TN:
SF:/home/quinton/lighthouse/FINAL/FINAL/src/components/Overview/note.js
FNF:0
FNH:0
DA:1,0
DA:29,0
LF:2
LH:0
BRF:0
BRH:0
end_of_record
TN:
SF:/home/quinton/lighthouse/FINAL/FINAL/src/components/Overview/notes.js
FNF:0
FNH:0
DA:2,0
LF:1
LH:0
BRF:0
BRH:0
end_of_record
TN:
SF:/home/quinton/lighthouse/FINAL/FINAL/src/components/Overview/text.js
FNF:0
FNH:0
DA:1,0
DA:38,0
LF:2
LH:0
BRF:0
BRH:0
end_of_record
TN:
SF:/home/quinton/lighthouse/FINAL/FINAL/src/components/Patchnotes/PatchNote.js
FN:7,PatchNote
FNF:1
FNH:0
FNDA:0,PatchNote
DA:8,0
LF:1
LH:0
BRF:0
BRH:0
end_of_record
TN:
SF:/home/quinton/lighthouse/FINAL/FINAL/src/components/Spotify/Spotify.js
FN:8,(anonymous_0)
FNF:1
FNH:1
FNDA:1,(anonymous_0)
DA:10,1
DA:14,1
DA:15,1
DA:16,1
DA:17,1
LF:5
LH:5
BRF:0
BRH:0
end_of_record
TN:
SF:/home/quinton/lighthouse/FINAL/FINAL/src/components/YouTube/YouTube.js
FN:6,(anonymous_0)
FN:10,(anonymous_1)
FNF:2
FNH:1
FNDA:0,(anonymous_0)
FNDA:1,(anonymous_1)
DA:8,0
DA:11,1
DA:19,1
DA:20,1
LF:4
LH:3
BRF:0
BRH:0
end_of_record
TN:
SF:/home/quinton/lighthouse/FINAL/FINAL/src/landingpage/src/App.js
FN:14,App
FNF:1
FNH:0
FNDA:0,App
DA:15,0
LF:1
LH:0
BRF:0
BRH:0
end_of_record
TN:
SF:/home/quinton/lighthouse/FINAL/FINAL/src/landingpage/src/index.js
FNF:0
FNH:0
DA:9,0
DA:21,0
LF:2
LH:0
BRF:0
BRH:0
end_of_record
TN:
SF:/home/quinton/lighthouse/FINAL/FINAL/src/landingpage/src/serviceWorker.js
FN:23,register
FN:34,(anonymous_1)
FN:43,(anonymous_2)
FN:57,registerValidSW
FN:60,(anonymous_4)
FN:61,(anonymous_5)
FN:66,(anonymous_6)
FN:96,(anonymous_7)
FN:101,checkValidServiceWorker
FN:106,(anonymous_9)
FN:114,(anonymous_10)
FN:115,(anonymous_11)
FN:124,(anonymous_12)
FN:131,unregister
FN:134,(anonymous_14)
FN:137,(anonymous_15)
FNF:16
FNH:0
FNDA:0,register
FNDA:0,(anonymous_1)
FNDA:0,(anonymous_2)
FNDA:0,registerValidSW
FNDA:0,(anonymous_4)
FNDA:0,(anonymous_5)
FNDA:0,(anonymous_6)
FNDA:0,(anonymous_7)
FNDA:0,checkValidServiceWorker
FNDA:0,(anonymous_9)
FNDA:0,(anonymous_10)
FNDA:0,(anonymous_11)
FNDA:0,(anonymous_12)
FNDA:0,unregister
FNDA:0,(anonymous_14)
FNDA:0,(anonymous_15)
DA:13,0
DA:24,0
DA:26,0
DA:27,0
DA:31,0
DA:34,0
DA:35,0
DA:37,0
DA:39,0
DA:43,0
DA:44,0
DA:51,0
DA:58,0
DA:61,0
DA:62,0
DA:63,0
DA:64,0
DA:66,0
DA:67,0
DA:68,0
DA:72,0
DA:78,0
DA:79,0
DA:85,0
DA:88,0
DA:89,0
DA:97,0
DA:103,0
DA:108,0
DA:109,0
DA:114,0
DA:115,0
DA:116,0
DA:121,0
DA:125,0
DA:132,0
DA:133,0
DA:135,0
DA:138,0
LF:39
LH:0
BRDA:14,0,0,0
BRDA:14,0,1,0
BRDA:14,0,2,0
BRDA:24,1,0,0
BRDA:24,1,1,0
BRDA:24,2,0,0
BRDA:24,2,1,0
BRDA:27,3,0,0
BRDA:27,3,1,0
BRDA:37,4,0,0
BRDA:37,4,1,0
BRDA:63,5,0,0
BRDA:63,5,1,0
BRDA:67,6,0,0
BRDA:67,6,1,0
BRDA:68,7,0,0
BRDA:68,7,1,0
BRDA:78,8,0,0
BRDA:78,8,1,0
BRDA:78,9,0,0
BRDA:78,9,1,0
BRDA:88,10,0,0
BRDA:88,10,1,0
BRDA:88,11,0,0
BRDA:88,11,1,0
BRDA:109,12,0,0
BRDA:109,12,1,0
BRDA:110,13,0,0
BRDA:110,13,1,0
BRDA:110,13,2,0
BRDA:132,14,0,0
BRDA:132,14,1,0
BRF:32
BRH:0
end_of_record
TN:
SF:/home/quinton/lighthouse/FINAL/FINAL/src/landingpage/src/setupTests.js
FNF:0
FNH:0
LF:0
LH:0
BRF:0
BRH:0
end_of_record
TN:
SF:/home/quinton/lighthouse/FINAL/FINAL/src/landingpage/src/components/BackgroundVideo.js
FN:18,(anonymous_0)
FNF:1
FNH:0
FNDA:0,(anonymous_0)
DA:18,0
DA:20,0
DA:54,0
DA:63,0
LF:4
LH:0
BRF:0
BRH:0
end_of_record
TN:
SF:/home/quinton/lighthouse/FINAL/FINAL/src/landingpage/src/components/Button.js
FNF:0
FNH:0
LF:0
LH:0
BRF:0
BRH:0
end_of_record
TN:
SF:/home/quinton/lighthouse/FINAL/FINAL/src/landingpage/src/components/Footer.js
FN:15,(anonymous_0)
FN:22,(anonymous_1)
FNF:2
FNH:0
FNDA:0,(anonymous_0)
FNDA:0,(anonymous_1)
DA:11,0
DA:15,0
DA:16,0
DA:17,0
DA:23,0
DA:96,0
DA:101,0
LF:7
LH:0
BRDA:72,0,0,0
BRDA:72,0,1,0
BRF:2
BRH:0
end_of_record
TN:
SF:/home/quinton/lighthouse/FINAL/FINAL/src/landingpage/src/components/Header.js
FN:11,(anonymous_0)
FNF:1
FNH:0
FNDA:0,(anonymous_0)
DA:12,0
LF:1
LH:0
BRF:0
BRH:0
end_of_record
TN:
SF:/home/quinton/lighthouse/FINAL/FINAL/src/landingpage/src/components/TabComponent.js
FN:7,(anonymous_0)
FNF:1
FNH:0
FNDA:0,(anonymous_0)
DA:8,0
LF:1
LH:0
BRF:0
BRH:0
end_of_record
TN:
SF:/home/quinton/lighthouse/FINAL/FINAL/src/landingpage/src/components/TabContentOne.js
FN:27,TabContentOne
FNF:1
FNH:0
FNDA:0,TabContentOne
DA:22,0
DA:28,0
DA:73,0
DA:79,0
LF:4
LH:0
BRF:0
BRH:0
end_of_record
TN:
SF:/home/quinton/lighthouse/FINAL/FINAL/src/landingpage/src/components/TabContentTwo.js
FN:12,TabContentTwo
FNF:1
FNH:0
FNDA:0,TabContentTwo
DA:13,0
DA:54,0
DA:60,0
LF:3
LH:0
BRF:0
BRH:0
end_of_record
TN:
SF:/home/quinton/lighthouse/FINAL/FINAL/src/landingpage/src/components/login/LoginFooter.js
FN:16,(anonymous_0)
FN:22,(anonymous_1)
FNF:2
FNH:0
FNDA:0,(anonymous_0)
FNDA:0,(anonymous_1)
DA:12,0
DA:16,0
DA:17,0
DA:18,0
DA:23,0
DA:51,0
DA:56,0
LF:7
LH:0
BRDA:33,0,0,0
BRDA:33,0,1,0
BRF:2
BRH:0
end_of_record
TN:
SF:/home/quinton/lighthouse/FINAL/FINAL/src/landingpage/src/components/login/LoginForm.js
FN:24,(anonymous_0)
FN:30,(anonymous_1)
FN:37,(anonymous_2)
FN:67,(anonymous_3)
FN:76,(anonymous_4)
FN:82,(anonymous_5)
FNF:6
FNH:0
FNDA:0,(anonymous_0)
FNDA:0,(anonymous_1)
FNDA:0,(anonymous_2)
FNDA:0,(anonymous_3)
FNDA:0,(anonymous_4)
FNDA:0,(anonymous_5)
DA:9,0
DA:13,0
DA:22,0
DA:24,0
DA:25,0
DA:30,0
DA:31,0
DA:37,0
DA:38,0
DA:39,0
DA:44,0
DA:45,0
DA:46,0
DA:47,0
DA:48,0
DA:49,0
DA:54,0
DA:55,0
DA:56,0
DA:60,0
DA:64,0
DA:67,0
DA:68,0
DA:69,0
DA:70,0
DA:71,0
DA:76,0
DA:77,0
DA:83,0
DA:179,0
DA:184,0
DA:318,0
LF:32
LH:0
BRDA:44,0,0,0
BRDA:44,0,1,0
BRDA:47,1,0,0
BRDA:47,1,1,0
BRDA:54,2,0,0
BRDA:54,2,1,0
BRDA:70,3,0,0
BRDA:70,3,1,0
BRDA:92,4,0,0
BRDA:92,4,1,0
BRDA:107,5,0,0
BRDA:107,5,1,0
BRF:12
BRH:0
end_of_record
TN:
SF:/home/quinton/lighthouse/FINAL/FINAL/src/landingpage/src/components/signup/SignupFooter.js
FN:14,(anonymous_0)
FN:20,(anonymous_1)
FNF:2
FNH:0
FNDA:0,(anonymous_0)
FNDA:0,(anonymous_1)
DA:10,0
DA:14,0
DA:15,0
DA:16,0
DA:21,0
DA:70,0
DA:75,0
LF:7
LH:0
BRDA:52,0,0,0
BRDA:52,0,1,0
BRF:2
BRH:0
end_of_record
TN:
SF:/home/quinton/lighthouse/FINAL/FINAL/src/landingpage/src/components/signup/SignupForm.js
FN:24,(anonymous_0)
FN:30,(anonymous_1)
FN:37,(anonymous_2)
FN:67,(anonymous_3)
FN:76,(anonymous_4)
FN:82,(anonymous_5)
FNF:6
FNH:0
FNDA:0,(anonymous_0)
FNDA:0,(anonymous_1)
FNDA:0,(anonymous_2)
FNDA:0,(anonymous_3)
FNDA:0,(anonymous_4)
FNDA:0,(anonymous_5)
DA:9,0
DA:13,0
DA:22,0
DA:24,0
DA:25,0
DA:30,0
DA:31,0
DA:37,0
DA:38,0
DA:39,0
DA:44,0
DA:45,0
DA:46,0
DA:47,0
DA:48,0
DA:49,0
DA:54,0
DA:55,0
DA:56,0
DA:60,0
DA:64,0
DA:67,0
DA:68,0
DA:69,0
DA:70,0
DA:71,0
DA:76,0
DA:77,0
DA:83,0
DA:163,0
DA:179,0
DA:184,0
DA:317,0
LF:33
LH:0
BRDA:44,0,0,0
BRDA:44,0,1,0
BRDA:47,1,0,0
BRDA:47,1,1,0
BRDA:54,2,0,0
BRDA:54,2,1,0
BRDA:70,3,0,0
BRDA:70,3,1,0
BRDA:92,4,0,0
BRDA:92,4,1,0
BRDA:107,5,0,0
BRDA:107,5,1,0
BRF:12
BRH:0
end_of_record
TN:
SF:/home/quinton/lighthouse/FINAL/FINAL/src/landingpage/src/components/tabs_nav/TabDevices.js
FN:3,TabDevices
FNF:1
FNH:0
FNDA:0,TabDevices
DA:4,0
LF:1
LH:0
BRF:0
BRH:0
end_of_record
TN:
SF:/home/quinton/lighthouse/FINAL/FINAL/src/landingpage/src/components/tabs_nav/TabDoor.js
FN:3,TabDoor
FNF:1
FNH:0
FNDA:0,TabDoor
DA:4,0
LF:1
LH:0
BRF:0
BRH:0
end_of_record
TN:
SF:/home/quinton/lighthouse/FINAL/FINAL/src/landingpage/src/pages/Login.js
FN:7,(anonymous_0)
FNF:1
FNH:0
FNDA:0,(anonymous_0)
DA:8,0
LF:1
LH:0
BRF:0
BRH:0
end_of_record
TN:
SF:/home/quinton/lighthouse/FINAL/FINAL/src/landingpage/src/pages/Signup.js
FN:7,(anonymous_0)
FNF:1
FNH:0
FNDA:0,(anonymous_0)
DA:8,0
LF:1
LH:0
BRF:0
BRH:0
end_of_record
TN:
SF:/home/quinton/lighthouse/FINAL/FINAL/src/landingpage/src/pages/index.js
FN:7,(anonymous_0)
FNF:1
FNH:0
FNDA:0,(anonymous_0)
DA:8,0
LF:1
LH:0
BRF:0
BRH:0
end_of_record
